<?xml version="1.0" encoding="UTF-8"?>
<testsuite xmlns:xsi="http://www.w3.org/2001/XMLSchema-instance" xsi:noNamespaceSchemaLocation="https://maven.apache.org/surefire/maven-surefire-plugin/xsd/surefire-test-report.xsd" name="com.signant.AddressBookSpringBootWithJpaApplicationTests" time="4.102" tests="1" errors="1" skipped="0" failures="0">
  <properties>
[...]
</properties>
  <testcase name="contextLoads" classname="com.signant.AddressBookSpringBootWithJpaApplicationTests" time="0.001">
    <error type="java.lang.StackOverflowError">java.lang.StackOverflowError
</error>
    <system-out><![CDATA[16:06:07.848 [main] DEBUG org.springframework.test.context.BootstrapUtils - Instantiating CacheAwareContextLoaderDelegate from class [org.springframework.test.context.cache.DefaultCacheAwareContextLoaderDelegate]
16:06:07.858 [main] DEBUG org.springframework.test.context.BootstrapUtils - Instantiating BootstrapContext using constructor [public org.springframework.test.context.support.DefaultBootstrapContext(java.lang.Class,org.springframework.test.context.CacheAwareContextLoaderDelegate)]
16:06:07.883 [main] DEBUG org.springframework.test.context.BootstrapUtils - Instantiating TestContextBootstrapper for test class [com.signant.AddressBookSpringBootWithJpaApplicationTests] from class [org.springframework.boot.test.context.SpringBootTestContextBootstrapper]
16:06:07.895 [main] INFO org.springframework.boot.test.context.SpringBootTestContextBootstrapper - Neither @ContextConfiguration nor @ContextHierarchy found for test class [com.signant.AddressBookSpringBootWithJpaApplicationTests], using SpringBootContextLoader
16:06:07.899 [main] DEBUG org.springframework.test.context.support.AbstractContextLoader - Did not detect default resource location for test class [com.signant.AddressBookSpringBootWithJpaApplicationTests]: class path resource [com/signant/AddressBookSpringBootWithJpaApplicationTests-context.xml] does not exist
16:06:07.899 [main] DEBUG org.springframework.test.context.support.AbstractContextLoader - Did not detect default resource location for test class [com.signant.AddressBookSpringBootWithJpaApplicationTests]: class path resource [com/signant/AddressBookSpringBootWithJpaApplicationTestsContext.groovy] does not exist
16:06:07.899 [main] INFO org.springframework.test.context.support.AbstractContextLoader - Could not detect default resource locations for test class [com.signant.AddressBookSpringBootWithJpaApplicationTests]: no resource found for suffixes {-context.xml, Context.groovy}.
16:06:07.899 [main] INFO org.springframework.test.context.support.AnnotationConfigContextLoaderUtils - Could not detect default configuration classes for test class [com.signant.AddressBookSpringBootWithJpaApplicationTests]: AddressBookSpringBootWithJpaApplicationTests does not declare any static, non-private, non-final, nested classes annotated with @Configuration.
16:06:07.927 [main] DEBUG org.springframework.test.context.support.ActiveProfilesUtils - Could not find an 'annotation declaring class' for annotation type [org.springframework.test.context.ActiveProfiles] and class [com.signant.AddressBookSpringBootWithJpaApplicationTests]
16:06:07.982 [main] DEBUG org.springframework.context.annotation.ClassPathScanningCandidateComponentProvider - Identified candidate component class: file [D:\RNR\SpringBoot+Hibernate\AddressBook_Spring_Boot_With_JPA\target\classes\com\signant\AddressBookSpringBootWithJpaApplication.class]
16:06:07.983 [main] INFO org.springframework.boot.test.context.SpringBootTestContextBootstrapper - Found @SpringBootConfiguration com.signant.AddressBookSpringBootWithJpaApplication for test class com.signant.AddressBookSpringBootWithJpaApplicationTests
16:06:08.060 [main] DEBUG org.springframework.boot.test.context.SpringBootTestContextBootstrapper - @TestExecutionListeners is not present for class [com.signant.AddressBookSpringBootWithJpaApplicationTests]: using defaults.
16:06:08.060 [main] INFO org.springframework.boot.test.context.SpringBootTestContextBootstrapper - Loaded default TestExecutionListener class names from location [META-INF/spring.factories]: [org.springframework.boot.test.mock.mockito.MockitoTestExecutionListener, org.springframework.boot.test.mock.mockito.ResetMocksTestExecutionListener, org.springframework.boot.test.autoconfigure.restdocs.RestDocsTestExecutionListener, org.springframework.boot.test.autoconfigure.web.client.MockRestServiceServerResetTestExecutionListener, org.springframework.boot.test.autoconfigure.web.servlet.MockMvcPrintOnlyOnFailureTestExecutionListener, org.springframework.boot.test.autoconfigure.web.servlet.WebDriverTestExecutionListener, org.springframework.test.context.web.ServletTestExecutionListener, org.springframework.test.context.support.DirtiesContextBeforeModesTestExecutionListener, org.springframework.test.context.support.DependencyInjectionTestExecutionListener, org.springframework.test.context.support.DirtiesContextTestExecutionListener, org.springframework.test.context.transaction.TransactionalTestExecutionListener, org.springframework.test.context.jdbc.SqlScriptsTestExecutionListener, org.springframework.test.context.event.EventPublishingTestExecutionListener]
16:06:08.075 [main] INFO org.springframework.boot.test.context.SpringBootTestContextBootstrapper - Using TestExecutionListeners: [org.springframework.test.context.web.ServletTestExecutionListener@5b1669c0, org.springframework.test.context.support.DirtiesContextBeforeModesTestExecutionListener@78e4deb0, org.springframework.boot.test.mock.mockito.MockitoTestExecutionListener@6e9175d8, org.springframework.boot.test.autoconfigure.SpringBootDependencyInjectionTestExecutionListener@7d0b7e3c, org.springframework.test.context.support.DirtiesContextTestExecutionListener@15bb5034, org.springframework.test.context.transaction.TransactionalTestExecutionListener@4b741d6d, org.springframework.test.context.jdbc.SqlScriptsTestExecutionListener@2eae8e6e, org.springframework.test.context.event.EventPublishingTestExecutionListener@8f2ef19, org.springframework.boot.test.mock.mockito.ResetMocksTestExecutionListener@470734c3, org.springframework.boot.test.autoconfigure.restdocs.RestDocsTestExecutionListener@2cf3d63b, org.springframework.boot.test.autoconfigure.web.client.MockRestServiceServerResetTestExecutionListener@7674f035, org.springframework.boot.test.autoconfigure.web.servlet.MockMvcPrintOnlyOnFailureTestExecutionListener@69e153c5, org.springframework.boot.test.autoconfigure.web.servlet.WebDriverTestExecutionListener@173ed316]
16:06:08.079 [main] DEBUG org.springframework.test.context.support.AbstractDirtiesContextTestExecutionListener - Before test class: context [DefaultTestContext@202b0582 testClass = AddressBookSpringBootWithJpaApplicationTests, testInstance = [null], testMethod = [null], testException = [null], mergedContextConfiguration = [WebMergedContextConfiguration@235ecd9f testClass = AddressBookSpringBootWithJpaApplicationTests, locations = '{}', classes = '{class com.signant.AddressBookSpringBootWithJpaApplication}', contextInitializerClasses = '[]', activeProfiles = '{}', propertySourceLocations = '{}', propertySourceProperties = '{org.springframework.boot.test.context.SpringBootTestContextBootstrapper=true}', contextCustomizers = set[org.springframework.boot.test.context.filter.ExcludeFilterContextCustomizer@333291e3, org.springframework.boot.test.json.DuplicateJsonObjectContextCustomizerFactory$DuplicateJsonObjectContextCustomizer@498d318c, org.springframework.boot.test.mock.mockito.MockitoContextCustomizer@0, org.springframework.boot.test.web.client.TestRestTemplateContextCustomizer@74e52303, org.springframework.boot.test.autoconfigure.properties.PropertyMappingContextCustomizer@0, org.springframework.boot.test.autoconfigure.web.servlet.WebDriverContextCustomizerFactory$Customizer@7ec7ffd3], resourceBasePath = 'src/main/webapp', contextLoader = 'org.springframework.boot.test.context.SpringBootContextLoader', parent = [null]], attributes = map['org.springframework.test.context.web.ServletTestExecutionListener.activateListener' -> true]], class annotated with @DirtiesContext [false] with mode [null].
16:06:08.106 [main] DEBUG org.springframework.test.context.support.TestPropertySourceUtils - Adding inlined properties to environment: {spring.jmx.enabled=false, org.springframework.boot.test.context.SpringBootTestContextBootstrapper=true, server.port=-1}

  .   ____          _            __ _ _
 /\\ / ___'_ __ _ _(_)_ __  __ _ \ \ \ \
( ( )\___ | '_ | '_| | '_ \/ _` | \ \ \ \
 \\/  ___)| |_)| | | | | || (_| |  ) ) ) )
  '  |____| .__|_| |_|_| |_\__, | / / / /
 =========|_|==============|___/=/_/_/_/
 :: Spring Boot ::        (v2.2.4.RELEASE)

2020-02-19 16:06:08.319  INFO 4772 --- [           main] essBookSpringBootWithJpaApplicationTests : Starting AddressBookSpringBootWithJpaApplicationTests on BKTHYDD022 with PID 4772 (started by nageswara.rudrala in D:\RNR\SpringBoot+Hibernate\AddressBook_Spring_Boot_With_JPA)
2020-02-19 16:06:08.320  INFO 4772 --- [           main] essBookSpringBootWithJpaApplicationTests : No active profile set, falling back to default profiles: default
2020-02-19 16:06:08.864  INFO 4772 --- [           main] .s.d.r.c.RepositoryConfigurationDelegate : Bootstrapping Spring Data JPA repositories in DEFAULT mode.
2020-02-19 16:06:08.936  INFO 4772 --- [           main] .s.d.r.c.RepositoryConfigurationDelegate : Finished Spring Data repository scanning in 63ms. Found 4 JPA repository interfaces.
2020-02-19 16:06:09.214  INFO 4772 --- [           main] trationDelegate$BeanPostProcessorChecker : Bean 'org.springframework.transaction.annotation.ProxyTransactionManagementConfiguration' of type [org.springframework.transaction.annotation.ProxyTransactionManagementConfiguration] is not eligible for getting processed by all BeanPostProcessors (for example: not eligible for auto-proxying)
2020-02-19 16:06:09.395  INFO 4772 --- [           main] o.hibernate.jpa.internal.util.LogHelper  : HHH000204: Processing PersistenceUnitInfo [name: default]
2020-02-19 16:06:09.455  INFO 4772 --- [           main] org.hibernate.Version                    : HHH000412: Hibernate Core {5.4.10.Final}
2020-02-19 16:06:09.618  INFO 4772 --- [           main] o.hibernate.annotations.common.Version   : HCANN000001: Hibernate Commons Annotations {5.1.0.Final}
2020-02-19 16:06:09.757  INFO 4772 --- [           main] com.zaxxer.hikari.HikariDataSource       : HikariPool-1 - Starting...
2020-02-19 16:06:09.908  INFO 4772 --- [           main] com.zaxxer.hikari.HikariDataSource       : HikariPool-1 - Start completed.
2020-02-19 16:06:09.929  INFO 4772 --- [           main] org.hibernate.dialect.Dialect            : HHH000400: Using dialect: org.hibernate.dialect.H2Dialect
Hibernate: drop table address if exists
Hibernate: drop table cities if exists
Hibernate: drop table countries if exists
Hibernate: drop table states if exists
Hibernate: drop sequence if exists hibernate_sequence
Hibernate: create sequence hibernate_sequence start with 1 increment by 1
Hibernate: create table address (addr_seq bigint not null, addr1 varchar(255), addr2 varchar(255), addr3 varchar(255), addr4 varchar(255), city varchar(255), country_name varchar(255), country_seq varchar(255), dept varchar(255), email varchar(255), fax varchar(255), login varchar(255), phone varchar(255), pincode integer not null, state varchar(255), primary key (addr_seq))
Hibernate: create table cities (city_seq integer not null, name varchar(255), state_seq integer not null, primary key (city_seq))
Hibernate: create table countries (country_seq integer not null, name varchar(255), primary key (country_seq))
Hibernate: create table states (state_seq integer not null, name varchar(255), country_seq integer not null, primary key (state_seq))
Hibernate: alter table cities add constraint FKrg4ma5kbct0uy4auwreaky0f foreign key (state_seq) references states
Hibernate: alter table states add constraint FK2rmg9l7vjydtv5dxp7qa24d4b foreign key (country_seq) references countries
2020-02-19 16:06:10.516  INFO 4772 --- [           main] o.h.e.t.j.p.i.JtaPlatformInitiator       : HHH000490: Using JtaPlatform implementation: [org.hibernate.engine.transaction.jta.platform.internal.NoJtaPlatform]
2020-02-19 16:06:10.521  INFO 4772 --- [           main] j.LocalContainerEntityManagerFactoryBean : Initialized JPA EntityManagerFactory for persistence unit 'default'
2020-02-19 16:06:10.659 DEBUG 4772 --- [           main] o.h.stat.internal.StatisticsInitiator    : Statistics initialized [enabled=false]
2020-02-19 16:06:10.940  WARN 4772 --- [           main] JpaBaseConfiguration$JpaWebConfiguration : spring.jpa.open-in-view is enabled by default. Therefore, database queries may be performed during view rendering. Explicitly configure spring.jpa.open-in-view to disable this warning
2020-02-19 16:06:11.235  INFO 4772 --- [           main] o.s.s.concurrent.ThreadPoolTaskExecutor  : Initializing ExecutorService 'applicationTaskExecutor'
2020-02-19 16:06:11.455  INFO 4772 --- [           main] o.s.b.a.h2.H2ConsoleAutoConfiguration    : H2 console available at '/h2-console'. Database available at 'jdbc:h2:mem:testdb'
2020-02-19 16:06:11.533  INFO 4772 --- [           main] essBookSpringBootWithJpaApplicationTests : Started AddressBookSpringBootWithJpaApplicationTests in 3.42 seconds (JVM running for 4.222)
Hibernate: call next value for hibernate_sequence
Hibernate: insert into countries (name, country_seq) values (?, ?)
2020-02-19 16:06:11.592  INFO 4772 --- [           main] ConditionEvaluationReportLoggingListener : 

Error starting ApplicationContext. To display the conditions report re-run your application with 'debug' enabled.
2020-02-19 16:06:11.597 ERROR 4772 --- [           main] o.s.boot.SpringApplication               : Application run failed

java.lang.StackOverflowError: null
	at java.util.AbstractCollection.toString(AbstractCollection.java:454) ~[na:1.8.0_144]
	at java.lang.String.valueOf(String.java:2994) ~[na:1.8.0_144]
	at java.lang.StringBuilder.append(StringBuilder.java:131) ~[na:1.8.0_144]
	at com.signant.addressbook.entities.States.toString(States.java:26) ~[classes/:na]
	at java.lang.String.valueOf(String.java:2994) ~[na:1.8.0_144]
	at java.lang.StringBuilder.append(StringBuilder.java:131) ~[na:1.8.0_144]
	at java.util.AbstractCollection.toString(AbstractCollection.java:462) ~[na:1.8.0_144]
	at org.hibernate.collection.internal.PersistentSet.toString(PersistentSet.java:328) ~[hibernate-core-5.4.10.Final.jar:5.4.10.Final]
	at java.lang.String.valueOf(String.java:2994) ~[na:1.8.0_144]
	at java.lang.StringBuilder.append(StringBuilder.java:131) ~[na:1.8.0_144]
	at com.signant.addressbook.entities.Countries.toString(Countries.java:24) ~[classes/:na]
	at java.lang.String.valueOf(String.java:2994) ~[na:1.8.0_144]
	at java.lang.StringBuilder.append(StringBuilder.java:131) ~[na:1.8.0_144]
	at com.signant.addressbook.entities.States.toString(States.java:26) ~[classes/:na]
	at java.lang.String.valueOf(String.java:2994) ~[na:1.8.0_144]
	at java.lang.StringBuilder.append(StringBuilder.java:131) ~[na:1.8.0_144]
	at java.util.AbstractCollection.toString(AbstractCollection.java:462) ~[na:1.8.0_144]
	at org.hibernate.collection.internal.PersistentSet.toString(PersistentSet.java:328) ~[hibernate-core-5.4.10.Final.jar:5.4.10.Final]
	at java.lang.String.valueOf(String.java:2994) ~[na:1.8.0_144]
	at java.lang.StringBuilder.append(StringBuilder.java:131) ~[na:1.8.0_144]
	at com.signant.addressbook.entities.Countries.toString(Countries.java:24) ~[classes/:na]
	at java.lang.String.valueOf(String.java:2994) ~[na:1.8.0_144]
	at java.lang.StringBuilder.append(StringBuilder.java:131) ~[na:1.8.0_144]
	at com.signant.addressbook.entities.States.toString(States.java:26) ~[classes/:na]
	at java.lang.String.valueOf(String.java:2994) ~[na:1.8.0_144]
	at java.lang.StringBuilder.append(StringBuilder.java:131) ~[na:1.8.0_144]
	at java.util.AbstractCollection.toString(AbstractCollection.java:462) ~[na:1.8.0_144]
	at org.hibernate.collection.internal.PersistentSet.toString(PersistentSet.java:328) ~[hibernate-core-5.4.10.Final.jar:5.4.10.Final]
	at java.lang.String.valueOf(String.java:2994) ~[na:1.8.0_144]
	at java.lang.StringBuilder.append(StringBuilder.java:131) ~[na:1.8.0_144]
	at com.signant.addressbook.entities.Countries.toString(Countries.java:24) ~[classes/:na]
	at java.lang.String.valueOf(String.java:2994) ~[na:1.8.0_144]
	at java.lang.StringBuilder.append(StringBuilder.java:131) ~[na:1.8.0_144]
	at com.signant.addressbook.entities.States.toString(States.java:26) ~[classes/:na]
	at java.lang.String.valueOf(String.java:2994) ~[na:1.8.0_144]
	at java.lang.StringBuilder.append(StringBuilder.java:131) ~[na:1.8.0_144]
	at java.util.AbstractCollection.toString(AbstractCollection.java:462) ~[na:1.8.0_144]
	at org.hibernate.collection.internal.PersistentSet.toString(PersistentSet.java:328) ~[hibernate-core-5.4.10.Final.jar:5.4.10.Final]
	at java.lang.String.valueOf(String.java:2994) ~[na:1.8.0_144]
	at java.lang.StringBuilder.append(StringBuilder.java:131) ~[na:1.8.0_144]
	at com.signant.addressbook.entities.Countries.toString(Countries.java:24) ~[classes/:na]
	at java.lang.String.valueOf(String.java:2994) ~[na:1.8.0_144]
	at java.lang.StringBuilder.append(StringBuilder.java:131) ~[na:1.8.0_144]
	at com.signant.addressbook.entities.States.toString(States.java:26) ~[classes/:na]
	at java.lang.String.valueOf(String.java:2994) ~[na:1.8.0_144]
	at java.lang.StringBuilder.append(StringBuilder.java:131) ~[na:1.8.0_144]
	at java.util.AbstractCollection.toString(AbstractCollection.java:462) ~[na:1.8.0_144]
	at org.hibernate.collection.internal.PersistentSet.toString(PersistentSet.java:328) ~[hibernate-core-5.4.10.Final.jar:5.4.10.Final]
	at java.lang.String.valueOf(String.java:2994) ~[na:1.8.0_144]
	at java.lang.StringBuilder.append(StringBuilder.java:131) ~[na:1.8.0_144]
	at com.signant.addressbook.entities.Countries.toString(Countries.java:24) ~[classes/:na]
	at java.lang.String.valueOf(String.java:2994) ~[na:1.8.0_144]
	at java.lang.StringBuilder.append(StringBuilder.java:131) ~[na:1.8.0_144]
	at com.signant.addressbook.entities.States.toString(States.java:26) ~[classes/:na]
	at java.lang.String.valueOf(String.java:2994) ~[na:1.8.0_144]
	at java.lang.StringBuilder.append(StringBuilder.java:131) ~[na:1.8.0_144]
	at java.util.AbstractCollection.toString(AbstractCollection.java:462) ~[na:1.8.0_144]
	at org.hibernate.collection.internal.PersistentSet.toString(PersistentSet.java:328) ~[hibernate-core-5.4.10.Final.jar:5.4.10.Final]
	at java.lang.String.valueOf(String.java:2994) ~[na:1.8.0_144]
	at java.lang.StringBuilder.append(StringBuilder.java:131) ~[na:1.8.0_144]
	at com.signant.addressbook.entities.Countries.toString(Countries.java:24) ~[classes/:na]
	at java.lang.String.valueOf(String.java:2994) ~[na:1.8.0_144]
	at java.lang.StringBuilder.append(StringBuilder.java:131) ~[na:1.8.0_144]
	at com.signant.addressbook.entities.States.toString(States.java:26) ~[classes/:na]
	at java.lang.String.valueOf(String.java:2994) ~[na:1.8.0_144]
	at java.lang.StringBuilder.append(StringBuilder.java:131) ~[na:1.8.0_144]
	at java.util.AbstractCollection.toString(AbstractCollection.java:462) ~[na:1.8.0_144]
	at org.hibernate.collection.internal.PersistentSet.toString(PersistentSet.java:328) ~[hibernate-core-5.4.10.Final.jar:5.4.10.Final]
	at java.lang.String.valueOf(String.java:2994) ~[na:1.8.0_144]
	at java.lang.StringBuilder.append(StringBuilder.java:131) ~[na:1.8.0_144]
	at com.signant.addressbook.entities.Countries.toString(Countries.java:24) ~[classes/:na]
	at java.lang.String.valueOf(String.java:2994) ~[na:1.8.0_144]
	at java.lang.StringBuilder.append(StringBuilder.java:131) ~[na:1.8.0_144]
	at com.signant.addressbook.entities.States.toString(States.java:26) ~[classes/:na]
	at java.lang.String.valueOf(String.java:2994) ~[na:1.8.0_144]
	at java.lang.StringBuilder.append(StringBuilder.java:131) ~[na:1.8.0_144]
	at java.util.AbstractCollection.toString(AbstractCollection.java:462) ~[na:1.8.0_144]
	at org.hibernate.collection.internal.PersistentSet.toString(PersistentSet.java:328) ~[hibernate-core-5.4.10.Final.jar:5.4.10.Final]
	at java.lang.String.valueOf(String.java:2994) ~[na:1.8.0_144]
	at java.lang.StringBuilder.append(StringBuilder.java:131) ~[na:1.8.0_144]
	at com.signant.addressbook.entities.Countries.toString(Countries.java:24) ~[classes/:na]
	at java.lang.String.valueOf(String.java:2994) ~[na:1.8.0_144]
	at java.lang.StringBuilder.append(StringBuilder.java:131) ~[na:1.8.0_144]
	at com.signant.addressbook.entities.States.toString(States.java:26) ~[classes/:na]
	at java.lang.String.valueOf(String.java:2994) ~[na:1.8.0_144]
	at java.lang.StringBuilder.append(StringBuilder.java:131) ~[na:1.8.0_144]
	at java.util.AbstractCollection.toString(AbstractCollection.java:462) ~[na:1.8.0_144]
	at org.hibernate.collection.internal.PersistentSet.toString(PersistentSet.java:328) ~[hibernate-core-5.4.10.Final.jar:5.4.10.Final]
	at java.lang.String.valueOf(String.java:2994) ~[na:1.8.0_144]
	at java.lang.StringBuilder.append(StringBuilder.java:131) ~[na:1.8.0_144]
	at com.signant.addressbook.entities.Countries.toString(Countries.java:24) ~[classes/:na]
	at java.lang.String.valueOf(String.java:2994) ~[na:1.8.0_144]
	at java.lang.StringBuilder.append(StringBuilder.java:131) ~[na:1.8.0_144]
	at com.signant.addressbook.entities.States.toString(States.java:26) ~[classes/:na]
	at java.lang.String.valueOf(String.java:2994) ~[na:1.8.0_144]
	at java.lang.StringBuilder.append(StringBuilder.java:131) ~[na:1.8.0_144]
	at java.util.AbstractCollection.toString(AbstractCollection.java:462) ~[na:1.8.0_144]
	at org.hibernate.collection.internal.PersistentSet.toString(PersistentSet.java:328) ~[hibernate-core-5.4.10.Final.jar:5.4.10.Final]
	at java.lang.String.valueOf(String.java:2994) ~[na:1.8.0_144]
	at java.lang.StringBuilder.append(StringBuilder.java:131) ~[na:1.8.0_144]
	at com.signant.addressbook.entities.Countries.toString(Countries.java:24) ~[classes/:na]
	at java.lang.String.valueOf(String.java:2994) ~[na:1.8.0_144]
	at java.lang.StringBuilder.append(StringBuilder.java:131) ~[na:1.8.0_144]
	at com.signant.addressbook.entities.States.toString(States.java:26) ~[classes/:na]
	at java.lang.String.valueOf(String.java:2994) ~[na:1.8.0_144]
	at java.lang.StringBuilder.append(StringBuilder.java:131) ~[na:1.8.0_144]
	at java.util.AbstractCollection.toString(AbstractCollection.java:462) ~[na:1.8.0_144]
	at org.hibernate.collection.internal.PersistentSet.toString(PersistentSet.java:328) ~[hibernate-core-5.4.10.Final.jar:5.4.10.Final]
	at java.lang.String.valueOf(String.java:2994) ~[na:1.8.0_144]
	at java.lang.StringBuilder.append(StringBuilder.java:131) ~[na:1.8.0_144]
	at com.signant.addressbook.entities.Countries.toString(Countries.java:24) ~[classes/:na]
	at java.lang.String.valueOf(String.java:2994) ~[na:1.8.0_144]
	at java.lang.StringBuilder.append(StringBuilder.java:131) ~[na:1.8.0_144]
	at com.signant.addressbook.entities.States.toString(States.java:26) ~[classes/:na]
	at java.lang.String.valueOf(String.java:2994) ~[na:1.8.0_144]
	at java.lang.StringBuilder.append(StringBuilder.java:131) ~[na:1.8.0_144]
	at java.util.AbstractCollection.toString(AbstractCollection.java:462) ~[na:1.8.0_144]
	at org.hibernate.collection.internal.PersistentSet.toString(PersistentSet.java:328) ~[hibernate-core-5.4.10.Final.jar:5.4.10.Final]
	at java.lang.String.valueOf(String.java:2994) ~[na:1.8.0_144]
	at java.lang.StringBuilder.append(StringBuilder.java:131) ~[na:1.8.0_144]
	at com.signant.addressbook.entities.Countries.toString(Countries.java:24) ~[classes/:na]
	at java.lang.String.valueOf(String.java:2994) ~[na:1.8.0_144]
	at java.lang.StringBuilder.append(StringBuilder.java:131) ~[na:1.8.0_144]
	at com.signant.addressbook.entities.States.toString(States.java:26) ~[classes/:na]
	at java.lang.String.valueOf(String.java:2994) ~[na:1.8.0_144]
	at java.lang.StringBuilder.append(StringBuilder.java:131) ~[na:1.8.0_144]
	at java.util.AbstractCollection.toString(AbstractCollection.java:462) ~[na:1.8.0_144]
	at org.hibernate.collection.internal.PersistentSet.toString(PersistentSet.java:328) ~[hibernate-core-5.4.10.Final.jar:5.4.10.Final]
	at java.lang.String.valueOf(String.java:2994) ~[na:1.8.0_144]
	at java.lang.StringBuilder.append(StringBuilder.java:131) ~[na:1.8.0_144]
	at com.signant.addressbook.entities.Countries.toString(Countries.java:24) ~[classes/:na]
	at java.lang.String.valueOf(String.java:2994) ~[na:1.8.0_144]
	at java.lang.StringBuilder.append(StringBuilder.java:131) ~[na:1.8.0_144]
	at com.signant.addressbook.entities.States.toString(States.java:26) ~[classes/:na]
	at java.lang.String.valueOf(String.java:2994) ~[na:1.8.0_144]
	at java.lang.StringBuilder.append(StringBuilder.java:131) ~[na:1.8.0_144]
	at java.util.AbstractCollection.toString(AbstractCollection.java:462) ~[na:1.8.0_144]
	at org.hibernate.collection.internal.PersistentSet.toString(PersistentSet.java:328) ~[hibernate-core-5.4.10.Final.jar:5.4.10.Final]
	at java.lang.String.valueOf(String.java:2994) ~[na:1.8.0_144]
	at java.lang.StringBuilder.append(StringBuilder.java:131) ~[na:1.8.0_144]
	at com.signant.addressbook.entities.Countries.toString(Countries.java:24) ~[classes/:na]
	at java.lang.String.valueOf(String.java:2994) ~[na:1.8.0_144]
	at java.lang.StringBuilder.append(StringBuilder.java:131) ~[na:1.8.0_144]
	at com.signant.addressbook.entities.States.toString(States.java:26) ~[classes/:na]
	at java.lang.String.valueOf(String.java:2994) ~[na:1.8.0_144]
	at java.lang.StringBuilder.append(StringBuilder.java:131) ~[na:1.8.0_144]
	at java.util.AbstractCollection.toString(AbstractCollection.java:462) ~[na:1.8.0_144]
	at org.hibernate.collection.internal.PersistentSet.toString(PersistentSet.java:328) ~[hibernate-core-5.4.10.Final.jar:5.4.10.Final]
	at java.lang.String.valueOf(String.java:2994) ~[na:1.8.0_144]
	at java.lang.StringBuilder.append(StringBuilder.java:131) ~[na:1.8.0_144]
	at com.signant.addressbook.entities.Countries.toString(Countries.java:24) ~[classes/:na]
	at java.lang.String.valueOf(String.java:2994) ~[na:1.8.0_144]
	at java.lang.StringBuilder.append(StringBuilder.java:131) ~[na:1.8.0_144]
	at com.signant.addressbook.entities.States.toString(States.java:26) ~[classes/:na]
	at java.lang.String.valueOf(String.java:2994) ~[na:1.8.0_144]
	at java.lang.StringBuilder.append(StringBuilder.java:131) ~[na:1.8.0_144]
	at java.util.AbstractCollection.toString(AbstractCollection.java:462) ~[na:1.8.0_144]
	at org.hibernate.collection.internal.PersistentSet.toString(PersistentSet.java:328) ~[hibernate-core-5.4.10.Final.jar:5.4.10.Final]
	at java.lang.String.valueOf(String.java:2994) ~[na:1.8.0_144]
	at java.lang.StringBuilder.append(StringBuilder.java:131) ~[na:1.8.0_144]
	at com.signant.addressbook.entities.Countries.toString(Countries.java:24) ~[classes/:na]
	at java.lang.String.valueOf(String.java:2994) ~[na:1.8.0_144]
	at java.lang.StringBuilder.append(StringBuilder.java:131) ~[na:1.8.0_144]
	at com.signant.addressbook.entities.States.toString(States.java:26) ~[classes/:na]
	at java.lang.String.valueOf(String.java:2994) ~[na:1.8.0_144]
	at java.lang.StringBuilder.append(StringBuilder.java:131) ~[na:1.8.0_144]
	at java.util.AbstractCollection.toString(AbstractCollection.java:462) ~[na:1.8.0_144]
	at org.hibernate.collection.internal.PersistentSet.toString(PersistentSet.java:328) ~[hibernate-core-5.4.10.Final.jar:5.4.10.Final]
	at java.lang.String.valueOf(String.java:2994) ~[na:1.8.0_144]
	at java.lang.StringBuilder.append(StringBuilder.java:131) ~[na:1.8.0_144]
	at com.signant.addressbook.entities.Countries.toString(Countries.java:24) ~[classes/:na]
	at java.lang.String.valueOf(String.java:2994) ~[na:1.8.0_144]
	at java.lang.StringBuilder.append(StringBuilder.java:131) ~[na:1.8.0_144]
	at com.signant.addressbook.entities.States.toString(States.java:26) ~[classes/:na]
	at java.lang.String.valueOf(String.java:2994) ~[na:1.8.0_144]
	at java.lang.StringBuilder.append(StringBuilder.java:131) ~[na:1.8.0_144]
	at java.util.AbstractCollection.toString(AbstractCollection.java:462) ~[na:1.8.0_144]
	at org.hibernate.collection.internal.PersistentSet.toString(PersistentSet.java:328) ~[hibernate-core-5.4.10.Final.jar:5.4.10.Final]
	at java.lang.String.valueOf(String.java:2994) ~[na:1.8.0_144]
	at java.lang.StringBuilder.append(StringBuilder.java:131) ~[na:1.8.0_144]
	at com.signant.addressbook.entities.Countries.toString(Countries.java:24) ~[classes/:na]
	at java.lang.String.valueOf(String.java:2994) ~[na:1.8.0_144]
	at java.lang.StringBuilder.append(StringBuilder.java:131) ~[na:1.8.0_144]
	at com.signant.addressbook.entities.States.toString(States.java:26) ~[classes/:na]
	at java.lang.String.valueOf(String.java:2994) ~[na:1.8.0_144]
	at java.lang.StringBuilder.append(StringBuilder.java:131) ~[na:1.8.0_144]
	at java.util.AbstractCollection.toString(AbstractCollection.java:462) ~[na:1.8.0_144]
	at org.hibernate.collection.internal.PersistentSet.toString(PersistentSet.java:328) ~[hibernate-core-5.4.10.Final.jar:5.4.10.Final]
	at java.lang.String.valueOf(String.java:2994) ~[na:1.8.0_144]
	at java.lang.StringBuilder.append(StringBuilder.java:131) ~[na:1.8.0_144]
	at com.signant.addressbook.entities.Countries.toString(Countries.java:24) ~[classes/:na]
	at java.lang.String.valueOf(String.java:2994) ~[na:1.8.0_144]
	at java.lang.StringBuilder.append(StringBuilder.java:131) ~[na:1.8.0_144]
	at com.signant.addressbook.entities.States.toString(States.java:26) ~[classes/:na]
	at java.lang.String.valueOf(String.java:2994) ~[na:1.8.0_144]
	at java.lang.StringBuilder.append(StringBuilder.java:131) ~[na:1.8.0_144]
	at java.util.AbstractCollection.toString(AbstractCollection.java:462) ~[na:1.8.0_144]
	at org.hibernate.collection.internal.PersistentSet.toString(PersistentSet.java:328) ~[hibernate-core-5.4.10.Final.jar:5.4.10.Final]
	at java.lang.String.valueOf(String.java:2994) ~[na:1.8.0_144]
	at java.lang.StringBuilder.append(StringBuilder.java:131) ~[na:1.8.0_144]
	at com.signant.addressbook.entities.Countries.toString(Countries.java:24) ~[classes/:na]
	at java.lang.String.valueOf(String.java:2994) ~[na:1.8.0_144]
	at java.lang.StringBuilder.append(StringBuilder.java:131) ~[na:1.8.0_144]
	at com.signant.addressbook.entities.States.toString(States.java:26) ~[classes/:na]
	at java.lang.String.valueOf(String.java:2994) ~[na:1.8.0_144]
	at java.lang.StringBuilder.append(StringBuilder.java:131) ~[na:1.8.0_144]
	at java.util.AbstractCollection.toString(AbstractCollection.java:462) ~[na:1.8.0_144]
	at org.hibernate.collection.internal.PersistentSet.toString(PersistentSet.java:328) ~[hibernate-core-5.4.10.Final.jar:5.4.10.Final]
	at java.lang.String.valueOf(String.java:2994) ~[na:1.8.0_144]
	at java.lang.StringBuilder.append(StringBuilder.java:131) ~[na:1.8.0_144]
	at com.signant.addressbook.entities.Countries.toString(Countries.java:24) ~[classes/:na]
	at java.lang.String.valueOf(String.java:2994) ~[na:1.8.0_144]
	at java.lang.StringBuilder.append(StringBuilder.java:131) ~[na:1.8.0_144]
	at com.signant.addressbook.entities.States.toString(States.java:26) ~[classes/:na]
	at java.lang.String.valueOf(String.java:2994) ~[na:1.8.0_144]
	at java.lang.StringBuilder.append(StringBuilder.java:131) ~[na:1.8.0_144]
	at java.util.AbstractCollection.toString(AbstractCollection.java:462) ~[na:1.8.0_144]
	at org.hibernate.collection.internal.PersistentSet.toString(PersistentSet.java:328) ~[hibernate-core-5.4.10.Final.jar:5.4.10.Final]
	at java.lang.String.valueOf(String.java:2994) ~[na:1.8.0_144]
	at java.lang.StringBuilder.append(StringBuilder.java:131) ~[na:1.8.0_144]
	at com.signant.addressbook.entities.Countries.toString(Countries.java:24) ~[classes/:na]
	at java.lang.String.valueOf(String.java:2994) ~[na:1.8.0_144]
	at java.lang.StringBuilder.append(StringBuilder.java:131) ~[na:1.8.0_144]
	at com.signant.addressbook.entities.States.toString(States.java:26) ~[classes/:na]
	at java.lang.String.valueOf(String.java:2994) ~[na:1.8.0_144]
	at java.lang.StringBuilder.append(StringBuilder.java:131) ~[na:1.8.0_144]
	at java.util.AbstractCollection.toString(AbstractCollection.java:462) ~[na:1.8.0_144]
	at org.hibernate.collection.internal.PersistentSet.toString(PersistentSet.java:328) ~[hibernate-core-5.4.10.Final.jar:5.4.10.Final]
	at java.lang.String.valueOf(String.java:2994) ~[na:1.8.0_144]
	at java.lang.StringBuilder.append(StringBuilder.java:131) ~[na:1.8.0_144]
	at com.signant.addressbook.entities.Countries.toString(Countries.java:24) ~[classes/:na]
	at java.lang.String.valueOf(String.java:2994) ~[na:1.8.0_144]
	at java.lang.StringBuilder.append(StringBuilder.java:131) ~[na:1.8.0_144]
	at com.signant.addressbook.entities.States.toString(States.java:26) ~[classes/:na]
	at java.lang.String.valueOf(String.java:2994) ~[na:1.8.0_144]
	at java.lang.StringBuilder.append(StringBuilder.java:131) ~[na:1.8.0_144]
	at java.util.AbstractCollection.toString(AbstractCollection.java:462) ~[na:1.8.0_144]
	at org.hibernate.collection.internal.PersistentSet.toString(PersistentSet.java:328) ~[hibernate-core-5.4.10.Final.jar:5.4.10.Final]
	at java.lang.String.valueOf(String.java:2994) ~[na:1.8.0_144]
	at java.lang.StringBuilder.append(StringBuilder.java:131) ~[na:1.8.0_144]
	at com.signant.addressbook.entities.Countries.toString(Countries.java:24) ~[classes/:na]
	at java.lang.String.valueOf(String.java:2994) ~[na:1.8.0_144]
	at java.lang.StringBuilder.append(StringBuilder.java:131) ~[na:1.8.0_144]
	at com.signant.addressbook.entities.States.toString(States.java:26) ~[classes/:na]
	at java.lang.String.valueOf(String.java:2994) ~[na:1.8.0_144]
	at java.lang.StringBuilder.append(StringBuilder.java:131) ~[na:1.8.0_144]
	at java.util.AbstractCollection.toString(AbstractCollection.java:462) ~[na:1.8.0_144]
	at org.hibernate.collection.internal.PersistentSet.toString(PersistentSet.java:328) ~[hibernate-core-5.4.10.Final.jar:5.4.10.Final]
	at java.lang.String.valueOf(String.java:2994) ~[na:1.8.0_144]
	at java.lang.StringBuilder.append(StringBuilder.java:131) ~[na:1.8.0_144]
	at com.signant.addressbook.entities.Countries.toString(Countries.java:24) ~[classes/:na]
	at java.lang.String.valueOf(String.java:2994) ~[na:1.8.0_144]
	at java.lang.StringBuilder.append(StringBuilder.java:131) ~[na:1.8.0_144]
	at com.signant.addressbook.entities.States.toString(States.java:26) ~[classes/:na]
	at java.lang.String.valueOf(String.java:2994) ~[na:1.8.0_144]
	at java.lang.StringBuilder.append(StringBuilder.java:131) ~[na:1.8.0_144]
	at java.util.AbstractCollection.toString(AbstractCollection.java:462) ~[na:1.8.0_144]
	at org.hibernate.collection.internal.PersistentSet.toString(PersistentSet.java:328) ~[hibernate-core-5.4.10.Final.jar:5.4.10.Final]
	at java.lang.String.valueOf(String.java:2994) ~[na:1.8.0_144]
	at java.lang.StringBuilder.append(StringBuilder.java:131) ~[na:1.8.0_144]
	at com.signant.addressbook.entities.Countries.toString(Countries.java:24) ~[classes/:na]
	at java.lang.String.valueOf(String.java:2994) ~[na:1.8.0_144]
	at java.lang.StringBuilder.append(StringBuilder.java:131) ~[na:1.8.0_144]
	at com.signant.addressbook.entities.States.toString(States.java:26) ~[classes/:na]
	at java.lang.String.valueOf(String.java:2994) ~[na:1.8.0_144]
	at java.lang.StringBuilder.append(StringBuilder.java:131) ~[na:1.8.0_144]
	at java.util.AbstractCollection.toString(AbstractCollection.java:462) ~[na:1.8.0_144]
	at org.hibernate.collection.internal.PersistentSet.toString(PersistentSet.java:328) ~[hibernate-core-5.4.10.Final.jar:5.4.10.Final]
	at java.lang.String.valueOf(String.java:2994) ~[na:1.8.0_144]
	at java.lang.StringBuilder.append(StringBuilder.java:131) ~[na:1.8.0_144]
	at com.signant.addressbook.entities.Countries.toString(Countries.java:24) ~[classes/:na]
	at java.lang.String.valueOf(String.java:2994) ~[na:1.8.0_144]
	at java.lang.StringBuilder.append(StringBuilder.java:131) ~[na:1.8.0_144]
	at com.signant.addressbook.entities.States.toString(States.java:26) ~[classes/:na]
	at java.lang.String.valueOf(String.java:2994) ~[na:1.8.0_144]
	at java.lang.StringBuilder.append(StringBuilder.java:131) ~[na:1.8.0_144]
	at java.util.AbstractCollection.toString(AbstractCollection.java:462) ~[na:1.8.0_144]
	at org.hibernate.collection.internal.PersistentSet.toString(PersistentSet.java:328) ~[hibernate-core-5.4.10.Final.jar:5.4.10.Final]
	at java.lang.String.valueOf(String.java:2994) ~[na:1.8.0_144]
	at java.lang.StringBuilder.append(StringBuilder.java:131) ~[na:1.8.0_144]
	at com.signant.addressbook.entities.Countries.toString(Countries.java:24) ~[classes/:na]
	at java.lang.String.valueOf(String.java:2994) ~[na:1.8.0_144]
	at java.lang.StringBuilder.append(StringBuilder.java:131) ~[na:1.8.0_144]
	at com.signant.addressbook.entities.States.toString(States.java:26) ~[classes/:na]
	at java.lang.String.valueOf(String.java:2994) ~[na:1.8.0_144]
	at java.lang.StringBuilder.append(StringBuilder.java:131) ~[na:1.8.0_144]
	at java.util.AbstractCollection.toString(AbstractCollection.java:462) ~[na:1.8.0_144]
	at org.hibernate.collection.internal.PersistentSet.toString(PersistentSet.java:328) ~[hibernate-core-5.4.10.Final.jar:5.4.10.Final]
	at java.lang.String.valueOf(String.java:2994) ~[na:1.8.0_144]
	at java.lang.StringBuilder.append(StringBuilder.java:131) ~[na:1.8.0_144]
	at com.signant.addressbook.entities.Countries.toString(Countries.java:24) ~[classes/:na]
	at java.lang.String.valueOf(String.java:2994) ~[na:1.8.0_144]
	at java.lang.StringBuilder.append(StringBuilder.java:131) ~[na:1.8.0_144]
	at com.signant.addressbook.entities.States.toString(States.java:26) ~[classes/:na]
	at java.lang.String.valueOf(String.java:2994) ~[na:1.8.0_144]
	at java.lang.StringBuilder.append(StringBuilder.java:131) ~[na:1.8.0_144]
	at java.util.AbstractCollection.toString(AbstractCollection.java:462) ~[na:1.8.0_144]
	at org.hibernate.collection.internal.PersistentSet.toString(PersistentSet.java:328) ~[hibernate-core-5.4.10.Final.jar:5.4.10.Final]
	at java.lang.String.valueOf(String.java:2994) ~[na:1.8.0_144]
	at java.lang.StringBuilder.append(StringBuilder.java:131) ~[na:1.8.0_144]
	at com.signant.addressbook.entities.Countries.toString(Countries.java:24) ~[classes/:na]
	at java.lang.String.valueOf(String.java:2994) ~[na:1.8.0_144]
	at java.lang.StringBuilder.append(StringBuilder.java:131) ~[na:1.8.0_144]
	at com.signant.addressbook.entities.States.toString(States.java:26) ~[classes/:na]
	at java.lang.String.valueOf(String.java:2994) ~[na:1.8.0_144]
	at java.lang.StringBuilder.append(StringBuilder.java:131) ~[na:1.8.0_144]
	at java.util.AbstractCollection.toString(AbstractCollection.java:462) ~[na:1.8.0_144]
	at org.hibernate.collection.internal.PersistentSet.toString(PersistentSet.java:328) ~[hibernate-core-5.4.10.Final.jar:5.4.10.Final]
	at java.lang.String.valueOf(String.java:2994) ~[na:1.8.0_144]
	at java.lang.StringBuilder.append(StringBuilder.java:131) ~[na:1.8.0_144]
	at com.signant.addressbook.entities.Countries.toString(Countries.java:24) ~[classes/:na]
	at java.lang.String.valueOf(String.java:2994) ~[na:1.8.0_144]
	at java.lang.StringBuilder.append(StringBuilder.java:131) ~[na:1.8.0_144]
	at com.signant.addressbook.entities.States.toString(States.java:26) ~[classes/:na]
	at java.lang.String.valueOf(String.java:2994) ~[na:1.8.0_144]
	at java.lang.StringBuilder.append(StringBuilder.java:131) ~[na:1.8.0_144]
	at java.util.AbstractCollection.toString(AbstractCollection.java:462) ~[na:1.8.0_144]
	at org.hibernate.collection.internal.PersistentSet.toString(PersistentSet.java:328) ~[hibernate-core-5.4.10.Final.jar:5.4.10.Final]
	at java.lang.String.valueOf(String.java:2994) ~[na:1.8.0_144]
	at java.lang.StringBuilder.append(StringBuilder.java:131) ~[na:1.8.0_144]
	at com.signant.addressbook.entities.Countries.toString(Countries.java:24) ~[classes/:na]
	at java.lang.String.valueOf(String.java:2994) ~[na:1.8.0_144]
	at java.lang.StringBuilder.append(StringBuilder.java:131) ~[na:1.8.0_144]
	at com.signant.addressbook.entities.States.toString(States.java:26) ~[classes/:na]
	at java.lang.String.valueOf(String.java:2994) ~[na:1.8.0_144]
	at java.lang.StringBuilder.append(StringBuilder.java:131) ~[na:1.8.0_144]
	at java.util.AbstractCollection.toString(AbstractCollection.java:462) ~[na:1.8.0_144]
	at org.hibernate.collection.internal.PersistentSet.toString(PersistentSet.java:328) ~[hibernate-core-5.4.10.Final.jar:5.4.10.Final]
	at java.lang.String.valueOf(String.java:2994) ~[na:1.8.0_144]
	at java.lang.StringBuilder.append(StringBuilder.java:131) ~[na:1.8.0_144]
	at com.signant.addressbook.entities.Countries.toString(Countries.java:24) ~[classes/:na]
	at java.lang.String.valueOf(String.java:2994) ~[na:1.8.0_144]
	at java.lang.StringBuilder.append(StringBuilder.java:131) ~[na:1.8.0_144]
	at com.signant.addressbook.entities.States.toString(States.java:26) ~[classes/:na]
	at java.lang.String.valueOf(String.java:2994) ~[na:1.8.0_144]
	at java.lang.StringBuilder.append(StringBuilder.java:131) ~[na:1.8.0_144]
	at java.util.AbstractCollection.toString(AbstractCollection.java:462) ~[na:1.8.0_144]
	at org.hibernate.collection.internal.PersistentSet.toString(PersistentSet.java:328) ~[hibernate-core-5.4.10.Final.jar:5.4.10.Final]
	at java.lang.String.valueOf(String.java:2994) ~[na:1.8.0_144]
	at java.lang.StringBuilder.append(StringBuilder.java:131) ~[na:1.8.0_144]
	at com.signant.addressbook.entities.Countries.toString(Countries.java:24) ~[classes/:na]
	at java.lang.String.valueOf(String.java:2994) ~[na:1.8.0_144]
	at java.lang.StringBuilder.append(StringBuilder.java:131) ~[na:1.8.0_144]
	at com.signant.addressbook.entities.States.toString(States.java:26) ~[classes/:na]
	at java.lang.String.valueOf(String.java:2994) ~[na:1.8.0_144]
	at java.lang.StringBuilder.append(StringBuilder.java:131) ~[na:1.8.0_144]
	at java.util.AbstractCollection.toString(AbstractCollection.java:462) ~[na:1.8.0_144]
	at org.hibernate.collection.internal.PersistentSet.toString(PersistentSet.java:328) ~[hibernate-core-5.4.10.Final.jar:5.4.10.Final]
	at java.lang.String.valueOf(String.java:2994) ~[na:1.8.0_144]
	at java.lang.StringBuilder.append(StringBuilder.java:131) ~[na:1.8.0_144]
	at com.signant.addressbook.entities.Countries.toString(Countries.java:24) ~[classes/:na]
	at java.lang.String.valueOf(String.java:2994) ~[na:1.8.0_144]
	at java.lang.StringBuilder.append(StringBuilder.java:131) ~[na:1.8.0_144]
	at com.signant.addressbook.entities.States.toString(States.java:26) ~[classes/:na]
	at java.lang.String.valueOf(String.java:2994) ~[na:1.8.0_144]
	at java.lang.StringBuilder.append(StringBuilder.java:131) ~[na:1.8.0_144]
	at java.util.AbstractCollection.toString(AbstractCollection.java:462) ~[na:1.8.0_144]
	at org.hibernate.collection.internal.PersistentSet.toString(PersistentSet.java:328) ~[hibernate-core-5.4.10.Final.jar:5.4.10.Final]
	at java.lang.String.valueOf(String.java:2994) ~[na:1.8.0_144]
	at java.lang.StringBuilder.append(StringBuilder.java:131) ~[na:1.8.0_144]
	at com.signant.addressbook.entities.Countries.toString(Countries.java:24) ~[classes/:na]
	at java.lang.String.valueOf(String.java:2994) ~[na:1.8.0_144]
	at java.lang.StringBuilder.append(StringBuilder.java:131) ~[na:1.8.0_144]
	at com.signant.addressbook.entities.States.toString(States.java:26) ~[classes/:na]
	at java.lang.String.valueOf(String.java:2994) ~[na:1.8.0_144]
	at java.lang.StringBuilder.append(StringBuilder.java:131) ~[na:1.8.0_144]
	at java.util.AbstractCollection.toString(AbstractCollection.java:462) ~[na:1.8.0_144]
	at org.hibernate.collection.internal.PersistentSet.toString(PersistentSet.java:328) ~[hibernate-core-5.4.10.Final.jar:5.4.10.Final]
	at java.lang.String.valueOf(String.java:2994) ~[na:1.8.0_144]
	at java.lang.StringBuilder.append(StringBuilder.java:131) ~[na:1.8.0_144]
	at com.signant.addressbook.entities.Countries.toString(Countries.java:24) ~[classes/:na]
	at java.lang.String.valueOf(String.java:2994) ~[na:1.8.0_144]
	at java.lang.StringBuilder.append(StringBuilder.java:131) ~[na:1.8.0_144]
	at com.signant.addressbook.entities.States.toString(States.java:26) ~[classes/:na]
	at java.lang.String.valueOf(String.java:2994) ~[na:1.8.0_144]
	at java.lang.StringBuilder.append(StringBuilder.java:131) ~[na:1.8.0_144]
	at java.util.AbstractCollection.toString(AbstractCollection.java:462) ~[na:1.8.0_144]
	at org.hibernate.collection.internal.PersistentSet.toString(PersistentSet.java:328) ~[hibernate-core-5.4.10.Final.jar:5.4.10.Final]
	at java.lang.String.valueOf(String.java:2994) ~[na:1.8.0_144]
	at java.lang.StringBuilder.append(StringBuilder.java:131) ~[na:1.8.0_144]
	at com.signant.addressbook.entities.Countries.toString(Countries.java:24) ~[classes/:na]
	at java.lang.String.valueOf(String.java:2994) ~[na:1.8.0_144]
	at java.lang.StringBuilder.append(StringBuilder.java:131) ~[na:1.8.0_144]
	at com.signant.addressbook.entities.States.toString(States.java:26) ~[classes/:na]
	at java.lang.String.valueOf(String.java:2994) ~[na:1.8.0_144]
	at java.lang.StringBuilder.append(StringBuilder.java:131) ~[na:1.8.0_144]
	at java.util.AbstractCollection.toString(AbstractCollection.java:462) ~[na:1.8.0_144]
	at org.hibernate.collection.internal.PersistentSet.toString(PersistentSet.java:328) ~[hibernate-core-5.4.10.Final.jar:5.4.10.Final]
	at java.lang.String.valueOf(String.java:2994) ~[na:1.8.0_144]
	at java.lang.StringBuilder.append(StringBuilder.java:131) ~[na:1.8.0_144]
	at com.signant.addressbook.entities.Countries.toString(Countries.java:24) ~[classes/:na]
	at java.lang.String.valueOf(String.java:2994) ~[na:1.8.0_144]
	at java.lang.StringBuilder.append(StringBuilder.java:131) ~[na:1.8.0_144]
	at com.signant.addressbook.entities.States.toString(States.java:26) ~[classes/:na]
	at java.lang.String.valueOf(String.java:2994) ~[na:1.8.0_144]
	at java.lang.StringBuilder.append(StringBuilder.java:131) ~[na:1.8.0_144]
	at java.util.AbstractCollection.toString(AbstractCollection.java:462) ~[na:1.8.0_144]
	at org.hibernate.collection.internal.PersistentSet.toString(PersistentSet.java:328) ~[hibernate-core-5.4.10.Final.jar:5.4.10.Final]
	at java.lang.String.valueOf(String.java:2994) ~[na:1.8.0_144]
	at java.lang.StringBuilder.append(StringBuilder.java:131) ~[na:1.8.0_144]
	at com.signant.addressbook.entities.Countries.toString(Countries.java:24) ~[classes/:na]
	at java.lang.String.valueOf(String.java:2994) ~[na:1.8.0_144]
	at java.lang.StringBuilder.append(StringBuilder.java:131) ~[na:1.8.0_144]
	at com.signant.addressbook.entities.States.toString(States.java:26) ~[classes/:na]
	at java.lang.String.valueOf(String.java:2994) ~[na:1.8.0_144]
	at java.lang.StringBuilder.append(StringBuilder.java:131) ~[na:1.8.0_144]
	at java.util.AbstractCollection.toString(AbstractCollection.java:462) ~[na:1.8.0_144]
	at org.hibernate.collection.internal.PersistentSet.toString(PersistentSet.java:328) ~[hibernate-core-5.4.10.Final.jar:5.4.10.Final]
	at java.lang.String.valueOf(String.java:2994) ~[na:1.8.0_144]
	at java.lang.StringBuilder.append(StringBuilder.java:131) ~[na:1.8.0_144]
	at com.signant.addressbook.entities.Countries.toString(Countries.java:24) ~[classes/:na]
	at java.lang.String.valueOf(String.java:2994) ~[na:1.8.0_144]
	at java.lang.StringBuilder.append(StringBuilder.java:131) ~[na:1.8.0_144]
	at com.signant.addressbook.entities.States.toString(States.java:26) ~[classes/:na]
	at java.lang.String.valueOf(String.java:2994) ~[na:1.8.0_144]
	at java.lang.StringBuilder.append(StringBuilder.java:131) ~[na:1.8.0_144]
	at java.util.AbstractCollection.toString(AbstractCollection.java:462) ~[na:1.8.0_144]
	at org.hibernate.collection.internal.PersistentSet.toString(PersistentSet.java:328) ~[hibernate-core-5.4.10.Final.jar:5.4.10.Final]
	at java.lang.String.valueOf(String.java:2994) ~[na:1.8.0_144]
	at java.lang.StringBuilder.append(StringBuilder.java:131) ~[na:1.8.0_144]
	at com.signant.addressbook.entities.Countries.toString(Countries.java:24) ~[classes/:na]
	at java.lang.String.valueOf(String.java:2994) ~[na:1.8.0_144]
	at java.lang.StringBuilder.append(StringBuilder.java:131) ~[na:1.8.0_144]
	at com.signant.addressbook.entities.States.toString(States.java:26) ~[classes/:na]
	at java.lang.String.valueOf(String.java:2994) ~[na:1.8.0_144]
	at java.lang.StringBuilder.append(StringBuilder.java:131) ~[na:1.8.0_144]
	at java.util.AbstractCollection.toString(AbstractCollection.java:462) ~[na:1.8.0_144]
	at org.hibernate.collection.internal.PersistentSet.toString(PersistentSet.java:328) ~[hibernate-core-5.4.10.Final.jar:5.4.10.Final]
	at java.lang.String.valueOf(String.java:2994) ~[na:1.8.0_144]
	at java.lang.StringBuilder.append(StringBuilder.java:131) ~[na:1.8.0_144]
	at com.signant.addressbook.entities.Countries.toString(Countries.java:24) ~[classes/:na]
	at java.lang.String.valueOf(String.java:2994) ~[na:1.8.0_144]
	at java.lang.StringBuilder.append(StringBuilder.java:131) ~[na:1.8.0_144]
	at com.signant.addressbook.entities.States.toString(States.java:26) ~[classes/:na]
	at java.lang.String.valueOf(String.java:2994) ~[na:1.8.0_144]
	at java.lang.StringBuilder.append(StringBuilder.java:131) ~[na:1.8.0_144]
	at java.util.AbstractCollection.toString(AbstractCollection.java:462) ~[na:1.8.0_144]
	at org.hibernate.collection.internal.PersistentSet.toString(PersistentSet.java:328) ~[hibernate-core-5.4.10.Final.jar:5.4.10.Final]
	at java.lang.String.valueOf(String.java:2994) ~[na:1.8.0_144]
	at java.lang.StringBuilder.append(StringBuilder.java:131) ~[na:1.8.0_144]
	at com.signant.addressbook.entities.Countries.toString(Countries.java:24) ~[classes/:na]
	at java.lang.String.valueOf(String.java:2994) ~[na:1.8.0_144]
	at java.lang.StringBuilder.append(StringBuilder.java:131) ~[na:1.8.0_144]
	at com.signant.addressbook.entities.States.toString(States.java:26) ~[classes/:na]
	at java.lang.String.valueOf(String.java:2994) ~[na:1.8.0_144]
	at java.lang.StringBuilder.append(StringBuilder.java:131) ~[na:1.8.0_144]
	at java.util.AbstractCollection.toString(AbstractCollection.java:462) ~[na:1.8.0_144]
	at org.hibernate.collection.internal.PersistentSet.toString(PersistentSet.java:328) ~[hibernate-core-5.4.10.Final.jar:5.4.10.Final]
	at java.lang.String.valueOf(String.java:2994) ~[na:1.8.0_144]
	at java.lang.StringBuilder.append(StringBuilder.java:131) ~[na:1.8.0_144]
	at com.signant.addressbook.entities.Countries.toString(Countries.java:24) ~[classes/:na]
	at java.lang.String.valueOf(String.java:2994) ~[na:1.8.0_144]
	at java.lang.StringBuilder.append(StringBuilder.java:131) ~[na:1.8.0_144]
	at com.signant.addressbook.entities.States.toString(States.java:26) ~[classes/:na]
	at java.lang.String.valueOf(String.java:2994) ~[na:1.8.0_144]
	at java.lang.StringBuilder.append(StringBuilder.java:131) ~[na:1.8.0_144]
	at java.util.AbstractCollection.toString(AbstractCollection.java:462) ~[na:1.8.0_144]
	at org.hibernate.collection.internal.PersistentSet.toString(PersistentSet.java:328) ~[hibernate-core-5.4.10.Final.jar:5.4.10.Final]
	at java.lang.String.valueOf(String.java:2994) ~[na:1.8.0_144]
	at java.lang.StringBuilder.append(StringBuilder.java:131) ~[na:1.8.0_144]
	at com.signant.addressbook.entities.Countries.toString(Countries.java:24) ~[classes/:na]
	at java.lang.String.valueOf(String.java:2994) ~[na:1.8.0_144]
	at java.lang.StringBuilder.append(StringBuilder.java:131) ~[na:1.8.0_144]
	at com.signant.addressbook.entities.States.toString(States.java:26) ~[classes/:na]
	at java.lang.String.valueOf(String.java:2994) ~[na:1.8.0_144]
	at java.lang.StringBuilder.append(StringBuilder.java:131) ~[na:1.8.0_144]
	at java.util.AbstractCollection.toString(AbstractCollection.java:462) ~[na:1.8.0_144]
	at org.hibernate.collection.internal.PersistentSet.toString(PersistentSet.java:328) ~[hibernate-core-5.4.10.Final.jar:5.4.10.Final]
	at java.lang.String.valueOf(String.java:2994) ~[na:1.8.0_144]
	at java.lang.StringBuilder.append(StringBuilder.java:131) ~[na:1.8.0_144]
	at com.signant.addressbook.entities.Countries.toString(Countries.java:24) ~[classes/:na]
	at java.lang.String.valueOf(String.java:2994) ~[na:1.8.0_144]
	at java.lang.StringBuilder.append(StringBuilder.java:131) ~[na:1.8.0_144]
	at com.signant.addressbook.entities.States.toString(States.java:26) ~[classes/:na]
	at java.lang.String.valueOf(String.java:2994) ~[na:1.8.0_144]
	at java.lang.StringBuilder.append(StringBuilder.java:131) ~[na:1.8.0_144]
	at java.util.AbstractCollection.toString(AbstractCollection.java:462) ~[na:1.8.0_144]
	at org.hibernate.collection.internal.PersistentSet.toString(PersistentSet.java:328) ~[hibernate-core-5.4.10.Final.jar:5.4.10.Final]
	at java.lang.String.valueOf(String.java:2994) ~[na:1.8.0_144]
	at java.lang.StringBuilder.append(StringBuilder.java:131) ~[na:1.8.0_144]
	at com.signant.addressbook.entities.Countries.toString(Countries.java:24) ~[classes/:na]
	at java.lang.String.valueOf(String.java:2994) ~[na:1.8.0_144]
	at java.lang.StringBuilder.append(StringBuilder.java:131) ~[na:1.8.0_144]
	at com.signant.addressbook.entities.States.toString(States.java:26) ~[classes/:na]
	at java.lang.String.valueOf(String.java:2994) ~[na:1.8.0_144]
	at java.lang.StringBuilder.append(StringBuilder.java:131) ~[na:1.8.0_144]
	at java.util.AbstractCollection.toString(AbstractCollection.java:462) ~[na:1.8.0_144]
	at org.hibernate.collection.internal.PersistentSet.toString(PersistentSet.java:328) ~[hibernate-core-5.4.10.Final.jar:5.4.10.Final]
	at java.lang.String.valueOf(String.java:2994) ~[na:1.8.0_144]
	at java.lang.StringBuilder.append(StringBuilder.java:131) ~[na:1.8.0_144]
	at com.signant.addressbook.entities.Countries.toString(Countries.java:24) ~[classes/:na]
	at java.lang.String.valueOf(String.java:2994) ~[na:1.8.0_144]
	at java.lang.StringBuilder.append(StringBuilder.java:131) ~[na:1.8.0_144]
	at com.signant.addressbook.entities.States.toString(States.java:26) ~[classes/:na]
	at java.lang.String.valueOf(String.java:2994) ~[na:1.8.0_144]
	at java.lang.StringBuilder.append(StringBuilder.java:131) ~[na:1.8.0_144]
	at java.util.AbstractCollection.toString(AbstractCollection.java:462) ~[na:1.8.0_144]
	at org.hibernate.collection.internal.PersistentSet.toString(PersistentSet.java:328) ~[hibernate-core-5.4.10.Final.jar:5.4.10.Final]
	at java.lang.String.valueOf(String.java:2994) ~[na:1.8.0_144]
	at java.lang.StringBuilder.append(StringBuilder.java:131) ~[na:1.8.0_144]
	at com.signant.addressbook.entities.Countries.toString(Countries.java:24) ~[classes/:na]
	at java.lang.String.valueOf(String.java:2994) ~[na:1.8.0_144]
	at java.lang.StringBuilder.append(StringBuilder.java:131) ~[na:1.8.0_144]
	at com.signant.addressbook.entities.States.toString(States.java:26) ~[classes/:na]
	at java.lang.String.valueOf(String.java:2994) ~[na:1.8.0_144]
	at java.lang.StringBuilder.append(StringBuilder.java:131) ~[na:1.8.0_144]
	at java.util.AbstractCollection.toString(AbstractCollection.java:462) ~[na:1.8.0_144]
	at org.hibernate.collection.internal.PersistentSet.toString(PersistentSet.java:328) ~[hibernate-core-5.4.10.Final.jar:5.4.10.Final]
	at java.lang.String.valueOf(String.java:2994) ~[na:1.8.0_144]
	at java.lang.StringBuilder.append(StringBuilder.java:131) ~[na:1.8.0_144]
	at com.signant.addressbook.entities.Countries.toString(Countries.java:24) ~[classes/:na]
	at java.lang.String.valueOf(String.java:2994) ~[na:1.8.0_144]
	at java.lang.StringBuilder.append(StringBuilder.java:131) ~[na:1.8.0_144]
	at com.signant.addressbook.entities.States.toString(States.java:26) ~[classes/:na]
	at java.lang.String.valueOf(String.java:2994) ~[na:1.8.0_144]
	at java.lang.StringBuilder.append(StringBuilder.java:131) ~[na:1.8.0_144]
	at java.util.AbstractCollection.toString(AbstractCollection.java:462) ~[na:1.8.0_144]
	at org.hibernate.collection.internal.PersistentSet.toString(PersistentSet.java:328) ~[hibernate-core-5.4.10.Final.jar:5.4.10.Final]
	at java.lang.String.valueOf(String.java:2994) ~[na:1.8.0_144]
	at java.lang.StringBuilder.append(StringBuilder.java:131) ~[na:1.8.0_144]
	at com.signant.addressbook.entities.Countries.toString(Countries.java:24) ~[classes/:na]
	at java.lang.String.valueOf(String.java:2994) ~[na:1.8.0_144]
	at java.lang.StringBuilder.append(StringBuilder.java:131) ~[na:1.8.0_144]
	at com.signant.addressbook.entities.States.toString(States.java:26) ~[classes/:na]
	at java.lang.String.valueOf(String.java:2994) ~[na:1.8.0_144]
	at java.lang.StringBuilder.append(StringBuilder.java:131) ~[na:1.8.0_144]
	at java.util.AbstractCollection.toString(AbstractCollection.java:462) ~[na:1.8.0_144]
	at org.hibernate.collection.internal.PersistentSet.toString(PersistentSet.java:328) ~[hibernate-core-5.4.10.Final.jar:5.4.10.Final]
	at java.lang.String.valueOf(String.java:2994) ~[na:1.8.0_144]
	at java.lang.StringBuilder.append(StringBuilder.java:131) ~[na:1.8.0_144]
	at com.signant.addressbook.entities.Countries.toString(Countries.java:24) ~[classes/:na]
	at java.lang.String.valueOf(String.java:2994) ~[na:1.8.0_144]
	at java.lang.StringBuilder.append(StringBuilder.java:131) ~[na:1.8.0_144]
	at com.signant.addressbook.entities.States.toString(States.java:26) ~[classes/:na]
	at java.lang.String.valueOf(String.java:2994) ~[na:1.8.0_144]
	at java.lang.StringBuilder.append(StringBuilder.java:131) ~[na:1.8.0_144]
	at java.util.AbstractCollection.toString(AbstractCollection.java:462) ~[na:1.8.0_144]
	at org.hibernate.collection.internal.PersistentSet.toString(PersistentSet.java:328) ~[hibernate-core-5.4.10.Final.jar:5.4.10.Final]
	at java.lang.String.valueOf(String.java:2994) ~[na:1.8.0_144]
	at java.lang.StringBuilder.append(StringBuilder.java:131) ~[na:1.8.0_144]
	at com.signant.addressbook.entities.Countries.toString(Countries.java:24) ~[classes/:na]
	at java.lang.String.valueOf(String.java:2994) ~[na:1.8.0_144]
	at java.lang.StringBuilder.append(StringBuilder.java:131) ~[na:1.8.0_144]
	at com.signant.addressbook.entities.States.toString(States.java:26) ~[classes/:na]
	at java.lang.String.valueOf(String.java:2994) ~[na:1.8.0_144]
	at java.lang.StringBuilder.append(StringBuilder.java:131) ~[na:1.8.0_144]
	at java.util.AbstractCollection.toString(AbstractCollection.java:462) ~[na:1.8.0_144]
	at org.hibernate.collection.internal.PersistentSet.toString(PersistentSet.java:328) ~[hibernate-core-5.4.10.Final.jar:5.4.10.Final]
	at java.lang.String.valueOf(String.java:2994) ~[na:1.8.0_144]
	at java.lang.StringBuilder.append(StringBuilder.java:131) ~[na:1.8.0_144]
	at com.signant.addressbook.entities.Countries.toString(Countries.java:24) ~[classes/:na]
	at java.lang.String.valueOf(String.java:2994) ~[na:1.8.0_144]
	at java.lang.StringBuilder.append(StringBuilder.java:131) ~[na:1.8.0_144]
	at com.signant.addressbook.entities.States.toString(States.java:26) ~[classes/:na]
	at java.lang.String.valueOf(String.java:2994) ~[na:1.8.0_144]
	at java.lang.StringBuilder.append(StringBuilder.java:131) ~[na:1.8.0_144]
	at java.util.AbstractCollection.toString(AbstractCollection.java:462) ~[na:1.8.0_144]
	at org.hibernate.collection.internal.PersistentSet.toString(PersistentSet.java:328) ~[hibernate-core-5.4.10.Final.jar:5.4.10.Final]
	at java.lang.String.valueOf(String.java:2994) ~[na:1.8.0_144]
	at java.lang.StringBuilder.append(StringBuilder.java:131) ~[na:1.8.0_144]
	at com.signant.addressbook.entities.Countries.toString(Countries.java:24) ~[classes/:na]
	at java.lang.String.valueOf(String.java:2994) ~[na:1.8.0_144]
	at java.lang.StringBuilder.append(StringBuilder.java:131) ~[na:1.8.0_144]
	at com.signant.addressbook.entities.States.toString(States.java:26) ~[classes/:na]
	at java.lang.String.valueOf(String.java:2994) ~[na:1.8.0_144]
	at java.lang.StringBuilder.append(StringBuilder.java:131) ~[na:1.8.0_144]
	at java.util.AbstractCollection.toString(AbstractCollection.java:462) ~[na:1.8.0_144]
	at org.hibernate.collection.internal.PersistentSet.toString(PersistentSet.java:328) ~[hibernate-core-5.4.10.Final.jar:5.4.10.Final]
	at java.lang.String.valueOf(String.java:2994) ~[na:1.8.0_144]
	at java.lang.StringBuilder.append(StringBuilder.java:131) ~[na:1.8.0_144]
	at com.signant.addressbook.entities.Countries.toString(Countries.java:24) ~[classes/:na]
	at java.lang.String.valueOf(String.java:2994) ~[na:1.8.0_144]
	at java.lang.StringBuilder.append(StringBuilder.java:131) ~[na:1.8.0_144]
	at com.signant.addressbook.entities.States.toString(States.java:26) ~[classes/:na]
	at java.lang.String.valueOf(String.java:2994) ~[na:1.8.0_144]
	at java.lang.StringBuilder.append(StringBuilder.java:131) ~[na:1.8.0_144]
	at java.util.AbstractCollection.toString(AbstractCollection.java:462) ~[na:1.8.0_144]
	at org.hibernate.collection.internal.PersistentSet.toString(PersistentSet.java:328) ~[hibernate-core-5.4.10.Final.jar:5.4.10.Final]
	at java.lang.String.valueOf(String.java:2994) ~[na:1.8.0_144]
	at java.lang.StringBuilder.append(StringBuilder.java:131) ~[na:1.8.0_144]
	at com.signant.addressbook.entities.Countries.toString(Countries.java:24) ~[classes/:na]
	at java.lang.String.valueOf(String.java:2994) ~[na:1.8.0_144]
	at java.lang.StringBuilder.append(StringBuilder.java:131) ~[na:1.8.0_144]
	at com.signant.addressbook.entities.States.toString(States.java:26) ~[classes/:na]
	at java.lang.String.valueOf(String.java:2994) ~[na:1.8.0_144]
	at java.lang.StringBuilder.append(StringBuilder.java:131) ~[na:1.8.0_144]
	at java.util.AbstractCollection.toString(AbstractCollection.java:462) ~[na:1.8.0_144]
	at org.hibernate.collection.internal.PersistentSet.toString(PersistentSet.java:328) ~[hibernate-core-5.4.10.Final.jar:5.4.10.Final]
	at java.lang.String.valueOf(String.java:2994) ~[na:1.8.0_144]
	at java.lang.StringBuilder.append(StringBuilder.java:131) ~[na:1.8.0_144]
	at com.signant.addressbook.entities.Countries.toString(Countries.java:24) ~[classes/:na]
	at java.lang.String.valueOf(String.java:2994) ~[na:1.8.0_144]
	at java.lang.StringBuilder.append(StringBuilder.java:131) ~[na:1.8.0_144]
	at com.signant.addressbook.entities.States.toString(States.java:26) ~[classes/:na]
	at java.lang.String.valueOf(String.java:2994) ~[na:1.8.0_144]
	at java.lang.StringBuilder.append(StringBuilder.java:131) ~[na:1.8.0_144]
	at java.util.AbstractCollection.toString(AbstractCollection.java:462) ~[na:1.8.0_144]
	at org.hibernate.collection.internal.PersistentSet.toString(PersistentSet.java:328) ~[hibernate-core-5.4.10.Final.jar:5.4.10.Final]
	at java.lang.String.valueOf(String.java:2994) ~[na:1.8.0_144]
	at java.lang.StringBuilder.append(StringBuilder.java:131) ~[na:1.8.0_144]
	at com.signant.addressbook.entities.Countries.toString(Countries.java:24) ~[classes/:na]
	at java.lang.String.valueOf(String.java:2994) ~[na:1.8.0_144]
	at java.lang.StringBuilder.append(StringBuilder.java:131) ~[na:1.8.0_144]
	at com.signant.addressbook.entities.States.toString(States.java:26) ~[classes/:na]
	at java.lang.String.valueOf(String.java:2994) ~[na:1.8.0_144]
	at java.lang.StringBuilder.append(StringBuilder.java:131) ~[na:1.8.0_144]
	at java.util.AbstractCollection.toString(AbstractCollection.java:462) ~[na:1.8.0_144]
	at org.hibernate.collection.internal.PersistentSet.toString(PersistentSet.java:328) ~[hibernate-core-5.4.10.Final.jar:5.4.10.Final]
	at java.lang.String.valueOf(String.java:2994) ~[na:1.8.0_144]
	at java.lang.StringBuilder.append(StringBuilder.java:131) ~[na:1.8.0_144]
	at com.signant.addressbook.entities.Countries.toString(Countries.java:24) ~[classes/:na]
	at java.lang.String.valueOf(String.java:2994) ~[na:1.8.0_144]
	at java.lang.StringBuilder.append(StringBuilder.java:131) ~[na:1.8.0_144]
	at com.signant.addressbook.entities.States.toString(States.java:26) ~[classes/:na]
	at java.lang.String.valueOf(String.java:2994) ~[na:1.8.0_144]
	at java.lang.StringBuilder.append(StringBuilder.java:131) ~[na:1.8.0_144]
	at java.util.AbstractCollection.toString(AbstractCollection.java:462) ~[na:1.8.0_144]
	at org.hibernate.collection.internal.PersistentSet.toString(PersistentSet.java:328) ~[hibernate-core-5.4.10.Final.jar:5.4.10.Final]
	at java.lang.String.valueOf(String.java:2994) ~[na:1.8.0_144]
	at java.lang.StringBuilder.append(StringBuilder.java:131) ~[na:1.8.0_144]
	at com.signant.addressbook.entities.Countries.toString(Countries.java:24) ~[classes/:na]
	at java.lang.String.valueOf(String.java:2994) ~[na:1.8.0_144]
	at java.lang.StringBuilder.append(StringBuilder.java:131) ~[na:1.8.0_144]
	at com.signant.addressbook.entities.States.toString(States.java:26) ~[classes/:na]
	at java.lang.String.valueOf(String.java:2994) ~[na:1.8.0_144]
	at java.lang.StringBuilder.append(StringBuilder.java:131) ~[na:1.8.0_144]
	at java.util.AbstractCollection.toString(AbstractCollection.java:462) ~[na:1.8.0_144]
	at org.hibernate.collection.internal.PersistentSet.toString(PersistentSet.java:328) ~[hibernate-core-5.4.10.Final.jar:5.4.10.Final]
	at java.lang.String.valueOf(String.java:2994) ~[na:1.8.0_144]
	at java.lang.StringBuilder.append(StringBuilder.java:131) ~[na:1.8.0_144]
	at com.signant.addressbook.entities.Countries.toString(Countries.java:24) ~[classes/:na]
	at java.lang.String.valueOf(String.java:2994) ~[na:1.8.0_144]
	at java.lang.StringBuilder.append(StringBuilder.java:131) ~[na:1.8.0_144]
	at com.signant.addressbook.entities.States.toString(States.java:26) ~[classes/:na]
	at java.lang.String.valueOf(String.java:2994) ~[na:1.8.0_144]
	at java.lang.StringBuilder.append(StringBuilder.java:131) ~[na:1.8.0_144]
	at java.util.AbstractCollection.toString(AbstractCollection.java:462) ~[na:1.8.0_144]
	at org.hibernate.collection.internal.PersistentSet.toString(PersistentSet.java:328) ~[hibernate-core-5.4.10.Final.jar:5.4.10.Final]
	at java.lang.String.valueOf(String.java:2994) ~[na:1.8.0_144]
	at java.lang.StringBuilder.append(StringBuilder.java:131) ~[na:1.8.0_144]
	at com.signant.addressbook.entities.Countries.toString(Countries.java:24) ~[classes/:na]
	at java.lang.String.valueOf(String.java:2994) ~[na:1.8.0_144]
	at java.lang.StringBuilder.append(StringBuilder.java:131) ~[na:1.8.0_144]
	at com.signant.addressbook.entities.States.toString(States.java:26) ~[classes/:na]
	at java.lang.String.valueOf(String.java:2994) ~[na:1.8.0_144]
	at java.lang.StringBuilder.append(StringBuilder.java:131) ~[na:1.8.0_144]
	at java.util.AbstractCollection.toString(AbstractCollection.java:462) ~[na:1.8.0_144]
	at org.hibernate.collection.internal.PersistentSet.toString(PersistentSet.java:328) ~[hibernate-core-5.4.10.Final.jar:5.4.10.Final]
	at java.lang.String.valueOf(String.java:2994) ~[na:1.8.0_144]
	at java.lang.StringBuilder.append(StringBuilder.java:131) ~[na:1.8.0_144]
	at com.signant.addressbook.entities.Countries.toString(Countries.java:24) ~[classes/:na]
	at java.lang.String.valueOf(String.java:2994) ~[na:1.8.0_144]
	at java.lang.StringBuilder.append(StringBuilder.java:131) ~[na:1.8.0_144]
	at com.signant.addressbook.entities.States.toString(States.java:26) ~[classes/:na]
	at java.lang.String.valueOf(String.java:2994) ~[na:1.8.0_144]
	at java.lang.StringBuilder.append(StringBuilder.java:131) ~[na:1.8.0_144]
	at java.util.AbstractCollection.toString(AbstractCollection.java:462) ~[na:1.8.0_144]
	at org.hibernate.collection.internal.PersistentSet.toString(PersistentSet.java:328) ~[hibernate-core-5.4.10.Final.jar:5.4.10.Final]
	at java.lang.String.valueOf(String.java:2994) ~[na:1.8.0_144]
	at java.lang.StringBuilder.append(StringBuilder.java:131) ~[na:1.8.0_144]
	at com.signant.addressbook.entities.Countries.toString(Countries.java:24) ~[classes/:na]
	at java.lang.String.valueOf(String.java:2994) ~[na:1.8.0_144]
	at java.lang.StringBuilder.append(StringBuilder.java:131) ~[na:1.8.0_144]
	at com.signant.addressbook.entities.States.toString(States.java:26) ~[classes/:na]
	at java.lang.String.valueOf(String.java:2994) ~[na:1.8.0_144]
	at java.lang.StringBuilder.append(StringBuilder.java:131) ~[na:1.8.0_144]
	at java.util.AbstractCollection.toString(AbstractCollection.java:462) ~[na:1.8.0_144]
	at org.hibernate.collection.internal.PersistentSet.toString(PersistentSet.java:328) ~[hibernate-core-5.4.10.Final.jar:5.4.10.Final]
	at java.lang.String.valueOf(String.java:2994) ~[na:1.8.0_144]
	at java.lang.StringBuilder.append(StringBuilder.java:131) ~[na:1.8.0_144]
	at com.signant.addressbook.entities.Countries.toString(Countries.java:24) ~[classes/:na]
	at java.lang.String.valueOf(String.java:2994) ~[na:1.8.0_144]
	at java.lang.StringBuilder.append(StringBuilder.java:131) ~[na:1.8.0_144]
	at com.signant.addressbook.entities.States.toString(States.java:26) ~[classes/:na]
	at java.lang.String.valueOf(String.java:2994) ~[na:1.8.0_144]
	at java.lang.StringBuilder.append(StringBuilder.java:131) ~[na:1.8.0_144]
	at java.util.AbstractCollection.toString(AbstractCollection.java:462) ~[na:1.8.0_144]
	at org.hibernate.collection.internal.PersistentSet.toString(PersistentSet.java:328) ~[hibernate-core-5.4.10.Final.jar:5.4.10.Final]
	at java.lang.String.valueOf(String.java:2994) ~[na:1.8.0_144]
	at java.lang.StringBuilder.append(StringBuilder.java:131) ~[na:1.8.0_144]
	at com.signant.addressbook.entities.Countries.toString(Countries.java:24) ~[classes/:na]
	at java.lang.String.valueOf(String.java:2994) ~[na:1.8.0_144]
	at java.lang.StringBuilder.append(StringBuilder.java:131) ~[na:1.8.0_144]
	at com.signant.addressbook.entities.States.toString(States.java:26) ~[classes/:na]
	at java.lang.String.valueOf(String.java:2994) ~[na:1.8.0_144]
	at java.lang.StringBuilder.append(StringBuilder.java:131) ~[na:1.8.0_144]
	at java.util.AbstractCollection.toString(AbstractCollection.java:462) ~[na:1.8.0_144]
	at org.hibernate.collection.internal.PersistentSet.toString(PersistentSet.java:328) ~[hibernate-core-5.4.10.Final.jar:5.4.10.Final]
	at java.lang.String.valueOf(String.java:2994) ~[na:1.8.0_144]
	at java.lang.StringBuilder.append(StringBuilder.java:131) ~[na:1.8.0_144]
	at com.signant.addressbook.entities.Countries.toString(Countries.java:24) ~[classes/:na]
	at java.lang.String.valueOf(String.java:2994) ~[na:1.8.0_144]
	at java.lang.StringBuilder.append(StringBuilder.java:131) ~[na:1.8.0_144]
	at com.signant.addressbook.entities.States.toString(States.java:26) ~[classes/:na]
	at java.lang.String.valueOf(String.java:2994) ~[na:1.8.0_144]
	at java.lang.StringBuilder.append(StringBuilder.java:131) ~[na:1.8.0_144]
	at java.util.AbstractCollection.toString(AbstractCollection.java:462) ~[na:1.8.0_144]
	at org.hibernate.collection.internal.PersistentSet.toString(PersistentSet.java:328) ~[hibernate-core-5.4.10.Final.jar:5.4.10.Final]
	at java.lang.String.valueOf(String.java:2994) ~[na:1.8.0_144]
	at java.lang.StringBuilder.append(StringBuilder.java:131) ~[na:1.8.0_144]
	at com.signant.addressbook.entities.Countries.toString(Countries.java:24) ~[classes/:na]
	at java.lang.String.valueOf(String.java:2994) ~[na:1.8.0_144]
	at java.lang.StringBuilder.append(StringBuilder.java:131) ~[na:1.8.0_144]
	at com.signant.addressbook.entities.States.toString(States.java:26) ~[classes/:na]
	at java.lang.String.valueOf(String.java:2994) ~[na:1.8.0_144]
	at java.lang.StringBuilder.append(StringBuilder.java:131) ~[na:1.8.0_144]
	at java.util.AbstractCollection.toString(AbstractCollection.java:462) ~[na:1.8.0_144]
	at org.hibernate.collection.internal.PersistentSet.toString(PersistentSet.java:328) ~[hibernate-core-5.4.10.Final.jar:5.4.10.Final]
	at java.lang.String.valueOf(String.java:2994) ~[na:1.8.0_144]
	at java.lang.StringBuilder.append(StringBuilder.java:131) ~[na:1.8.0_144]
	at com.signant.addressbook.entities.Countries.toString(Countries.java:24) ~[classes/:na]
	at java.lang.String.valueOf(String.java:2994) ~[na:1.8.0_144]
	at java.lang.StringBuilder.append(StringBuilder.java:131) ~[na:1.8.0_144]
	at com.signant.addressbook.entities.States.toString(States.java:26) ~[classes/:na]
	at java.lang.String.valueOf(String.java:2994) ~[na:1.8.0_144]
	at java.lang.StringBuilder.append(StringBuilder.java:131) ~[na:1.8.0_144]
	at java.util.AbstractCollection.toString(AbstractCollection.java:462) ~[na:1.8.0_144]
	at org.hibernate.collection.internal.PersistentSet.toString(PersistentSet.java:328) ~[hibernate-core-5.4.10.Final.jar:5.4.10.Final]
	at java.lang.String.valueOf(String.java:2994) ~[na:1.8.0_144]
	at java.lang.StringBuilder.append(StringBuilder.java:131) ~[na:1.8.0_144]
	at com.signant.addressbook.entities.Countries.toString(Countries.java:24) ~[classes/:na]
	at java.lang.String.valueOf(String.java:2994) ~[na:1.8.0_144]
	at java.lang.StringBuilder.append(StringBuilder.java:131) ~[na:1.8.0_144]
	at com.signant.addressbook.entities.States.toString(States.java:26) ~[classes/:na]
	at java.lang.String.valueOf(String.java:2994) ~[na:1.8.0_144]
	at java.lang.StringBuilder.append(StringBuilder.java:131) ~[na:1.8.0_144]
	at java.util.AbstractCollection.toString(AbstractCollection.java:462) ~[na:1.8.0_144]
	at org.hibernate.collection.internal.PersistentSet.toString(PersistentSet.java:328) ~[hibernate-core-5.4.10.Final.jar:5.4.10.Final]
	at java.lang.String.valueOf(String.java:2994) ~[na:1.8.0_144]
	at java.lang.StringBuilder.append(StringBuilder.java:131) ~[na:1.8.0_144]
	at com.signant.addressbook.entities.Countries.toString(Countries.java:24) ~[classes/:na]
	at java.lang.String.valueOf(String.java:2994) ~[na:1.8.0_144]
	at java.lang.StringBuilder.append(StringBuilder.java:131) ~[na:1.8.0_144]
	at com.signant.addressbook.entities.States.toString(States.java:26) ~[classes/:na]
	at java.lang.String.valueOf(String.java:2994) ~[na:1.8.0_144]
	at java.lang.StringBuilder.append(StringBuilder.java:131) ~[na:1.8.0_144]
	at java.util.AbstractCollection.toString(AbstractCollection.java:462) ~[na:1.8.0_144]
	at org.hibernate.collection.internal.PersistentSet.toString(PersistentSet.java:328) ~[hibernate-core-5.4.10.Final.jar:5.4.10.Final]
	at java.lang.String.valueOf(String.java:2994) ~[na:1.8.0_144]
	at java.lang.StringBuilder.append(StringBuilder.java:131) ~[na:1.8.0_144]
	at com.signant.addressbook.entities.Countries.toString(Countries.java:24) ~[classes/:na]
	at java.lang.String.valueOf(String.java:2994) ~[na:1.8.0_144]
	at java.lang.StringBuilder.append(StringBuilder.java:131) ~[na:1.8.0_144]
	at com.signant.addressbook.entities.States.toString(States.java:26) ~[classes/:na]
	at java.lang.String.valueOf(String.java:2994) ~[na:1.8.0_144]
	at java.lang.StringBuilder.append(StringBuilder.java:131) ~[na:1.8.0_144]
	at java.util.AbstractCollection.toString(AbstractCollection.java:462) ~[na:1.8.0_144]
	at org.hibernate.collection.internal.PersistentSet.toString(PersistentSet.java:328) ~[hibernate-core-5.4.10.Final.jar:5.4.10.Final]
	at java.lang.String.valueOf(String.java:2994) ~[na:1.8.0_144]
	at java.lang.StringBuilder.append(StringBuilder.java:131) ~[na:1.8.0_144]
	at com.signant.addressbook.entities.Countries.toString(Countries.java:24) ~[classes/:na]
	at java.lang.String.valueOf(String.java:2994) ~[na:1.8.0_144]
	at java.lang.StringBuilder.append(StringBuilder.java:131) ~[na:1.8.0_144]
	at com.signant.addressbook.entities.States.toString(States.java:26) ~[classes/:na]
	at java.lang.String.valueOf(String.java:2994) ~[na:1.8.0_144]
	at java.lang.StringBuilder.append(StringBuilder.java:131) ~[na:1.8.0_144]
	at java.util.AbstractCollection.toString(AbstractCollection.java:462) ~[na:1.8.0_144]
	at org.hibernate.collection.internal.PersistentSet.toString(PersistentSet.java:328) ~[hibernate-core-5.4.10.Final.jar:5.4.10.Final]
	at java.lang.String.valueOf(String.java:2994) ~[na:1.8.0_144]
	at java.lang.StringBuilder.append(StringBuilder.java:131) ~[na:1.8.0_144]
	at com.signant.addressbook.entities.Countries.toString(Countries.java:24) ~[classes/:na]
	at java.lang.String.valueOf(String.java:2994) ~[na:1.8.0_144]
	at java.lang.StringBuilder.append(StringBuilder.java:131) ~[na:1.8.0_144]
	at com.signant.addressbook.entities.States.toString(States.java:26) ~[classes/:na]
	at java.lang.String.valueOf(String.java:2994) ~[na:1.8.0_144]
	at java.lang.StringBuilder.append(StringBuilder.java:131) ~[na:1.8.0_144]
	at java.util.AbstractCollection.toString(AbstractCollection.java:462) ~[na:1.8.0_144]
	at org.hibernate.collection.internal.PersistentSet.toString(PersistentSet.java:328) ~[hibernate-core-5.4.10.Final.jar:5.4.10.Final]
	at java.lang.String.valueOf(String.java:2994) ~[na:1.8.0_144]
	at java.lang.StringBuilder.append(StringBuilder.java:131) ~[na:1.8.0_144]
	at com.signant.addressbook.entities.Countries.toString(Countries.java:24) ~[classes/:na]
	at java.lang.String.valueOf(String.java:2994) ~[na:1.8.0_144]
	at java.lang.StringBuilder.append(StringBuilder.java:131) ~[na:1.8.0_144]
	at com.signant.addressbook.entities.States.toString(States.java:26) ~[classes/:na]
	at java.lang.String.valueOf(String.java:2994) ~[na:1.8.0_144]
	at java.lang.StringBuilder.append(StringBuilder.java:131) ~[na:1.8.0_144]
	at java.util.AbstractCollection.toString(AbstractCollection.java:462) ~[na:1.8.0_144]
	at org.hibernate.collection.internal.PersistentSet.toString(PersistentSet.java:328) ~[hibernate-core-5.4.10.Final.jar:5.4.10.Final]
	at java.lang.String.valueOf(String.java:2994) ~[na:1.8.0_144]
	at java.lang.StringBuilder.append(StringBuilder.java:131) ~[na:1.8.0_144]
	at com.signant.addressbook.entities.Countries.toString(Countries.java:24) ~[classes/:na]
	at java.lang.String.valueOf(String.java:2994) ~[na:1.8.0_144]
	at java.lang.StringBuilder.append(StringBuilder.java:131) ~[na:1.8.0_144]
	at com.signant.addressbook.entities.States.toString(States.java:26) ~[classes/:na]
	at java.lang.String.valueOf(String.java:2994) ~[na:1.8.0_144]
	at java.lang.StringBuilder.append(StringBuilder.java:131) ~[na:1.8.0_144]
	at java.util.AbstractCollection.toString(AbstractCollection.java:462) ~[na:1.8.0_144]
	at org.hibernate.collection.internal.PersistentSet.toString(PersistentSet.java:328) ~[hibernate-core-5.4.10.Final.jar:5.4.10.Final]
	at java.lang.String.valueOf(String.java:2994) ~[na:1.8.0_144]
	at java.lang.StringBuilder.append(StringBuilder.java:131) ~[na:1.8.0_144]
	at com.signant.addressbook.entities.Countries.toString(Countries.java:24) ~[classes/:na]
	at java.lang.String.valueOf(String.java:2994) ~[na:1.8.0_144]
	at java.lang.StringBuilder.append(StringBuilder.java:131) ~[na:1.8.0_144]
	at com.signant.addressbook.entities.States.toString(States.java:26) ~[classes/:na]
	at java.lang.String.valueOf(String.java:2994) ~[na:1.8.0_144]
	at java.lang.StringBuilder.append(StringBuilder.java:131) ~[na:1.8.0_144]
	at java.util.AbstractCollection.toString(AbstractCollection.java:462) ~[na:1.8.0_144]
	at org.hibernate.collection.internal.PersistentSet.toString(PersistentSet.java:328) ~[hibernate-core-5.4.10.Final.jar:5.4.10.Final]
	at java.lang.String.valueOf(String.java:2994) ~[na:1.8.0_144]
	at java.lang.StringBuilder.append(StringBuilder.java:131) ~[na:1.8.0_144]
	at com.signant.addressbook.entities.Countries.toString(Countries.java:24) ~[classes/:na]
	at java.lang.String.valueOf(String.java:2994) ~[na:1.8.0_144]
	at java.lang.StringBuilder.append(StringBuilder.java:131) ~[na:1.8.0_144]
	at com.signant.addressbook.entities.States.toString(States.java:26) ~[classes/:na]
	at java.lang.String.valueOf(String.java:2994) ~[na:1.8.0_144]
	at java.lang.StringBuilder.append(StringBuilder.java:131) ~[na:1.8.0_144]
	at java.util.AbstractCollection.toString(AbstractCollection.java:462) ~[na:1.8.0_144]
[...]
	at com.signant.addressbook.entities.Countries.toString(Countries.java:24) ~[classes/:na]
	at java.lang.String.valueOf(String.java:2994) ~[na:1.8.0_144]
	at java.lang.StringBuilder.append(StringBuilder.java:131) ~[na:1.8.0_144]
	at com.signant.addressbook.entities.States.toString(States.java:26) ~[classes/:na]
	at java.lang.String.valueOf(String.java:2994) ~[na:1.8.0_144]
	at java.lang.StringBuilder.append(StringBuilder.java:131) ~[na:1.8.0_144]
	at java.util.AbstractCollection.toString(AbstractCollection.java:462) ~[na:1.8.0_144]
	at org.hibernate.collection.internal.PersistentSet.toString(PersistentSet.java:328) ~[hibernate-core-5.4.10.Final.jar:5.4.10.Final]
	at java.lang.String.valueOf(String.java:2994) ~[na:1.8.0_144]
	at java.lang.StringBuilder.append(StringBuilder.java:131) ~[na:1.8.0_144]
	at com.signant.addressbook.entities.Countries.toString(Countries.java:24) ~[classes/:na]
	at java.lang.String.valueOf(String.java:2994) ~[na:1.8.0_144]
	at java.lang.StringBuilder.append(StringBuilder.java:131) ~[na:1.8.0_144]
	at com.signant.addressbook.entities.States.toString(States.java:26) ~[classes/:na]
	at java.lang.String.valueOf(String.java:2994) ~[na:1.8.0_144]
	at java.lang.StringBuilder.append(StringBuilder.java:131) ~[na:1.8.0_144]
	at java.util.AbstractCollection.toString(AbstractCollection.java:462) ~[na:1.8.0_144]
	at org.hibernate.collection.internal.PersistentSet.toString(PersistentSet.java:328) ~[hibernate-core-5.4.10.Final.jar:5.4.10.Final]
	at java.lang.String.valueOf(String.java:2994) ~[na:1.8.0_144]
	at java.lang.StringBuilder.append(StringBuilder.java:131) ~[na:1.8.0_144]
	at com.signant.addressbook.entities.Countries.toString(Countries.java:24) ~[classes/:na]
	at java.lang.String.valueOf(String.java:2994) ~[na:1.8.0_144]
	at java.lang.StringBuilder.append(StringBuilder.java:131) ~[na:1.8.0_144]
	at com.signant.addressbook.entities.States.toString(States.java:26) ~[classes/:na]
	at java.lang.String.valueOf(String.java:2994) ~[na:1.8.0_144]
	at java.lang.StringBuilder.append(StringBuilder.java:131) ~[na:1.8.0_144]
	at java.util.AbstractCollection.toString(AbstractCollection.java:462) ~[na:1.8.0_144]
	at org.hibernate.collection.internal.PersistentSet.toString(PersistentSet.java:328) ~[hibernate-core-5.4.10.Final.jar:5.4.10.Final]
	at java.lang.String.valueOf(String.java:2994) ~[na:1.8.0_144]
	at java.lang.StringBuilder.append(StringBuilder.java:131) ~[na:1.8.0_144]
	at com.signant.addressbook.entities.Countries.toString(Countries.java:24) ~[classes/:na]
	at java.lang.String.valueOf(String.java:2994) ~[na:1.8.0_144]
	at java.lang.StringBuilder.append(StringBuilder.java:131) ~[na:1.8.0_144]
	at com.signant.addressbook.entities.States.toString(States.java:26) ~[classes/:na]
	at java.lang.String.valueOf(String.java:2994) ~[na:1.8.0_144]
	at java.lang.StringBuilder.append(StringBuilder.java:131) ~[na:1.8.0_144]
	at java.util.AbstractCollection.toString(AbstractCollection.java:462) ~[na:1.8.0_144]
	at org.hibernate.collection.internal.PersistentSet.toString(PersistentSet.java:328) ~[hibernate-core-5.4.10.Final.jar:5.4.10.Final]
	at java.lang.String.valueOf(String.java:2994) ~[na:1.8.0_144]
	at java.lang.StringBuilder.append(StringBuilder.java:131) ~[na:1.8.0_144]
	at com.signant.addressbook.entities.Countries.toString(Countries.java:24) ~[classes/:na]
	at java.lang.String.valueOf(String.java:2994) ~[na:1.8.0_144]
	at java.lang.StringBuilder.append(StringBuilder.java:131) ~[na:1.8.0_144]
	at com.signant.addressbook.entities.States.toString(States.java:26) ~[classes/:na]
	at java.lang.String.valueOf(String.java:2994) ~[na:1.8.0_144]
	at java.lang.StringBuilder.append(StringBuilder.java:131) ~[na:1.8.0_144]
	at java.util.AbstractCollection.toString(AbstractCollection.java:462) ~[na:1.8.0_144]
	at org.hibernate.collection.internal.PersistentSet.toString(PersistentSet.java:328) ~[hibernate-core-5.4.10.Final.jar:5.4.10.Final]
	at java.lang.String.valueOf(String.java:2994) ~[na:1.8.0_144]
	at java.lang.StringBuilder.append(StringBuilder.java:131) ~[na:1.8.0_144]
	at com.signant.addressbook.entities.Countries.toString(Countries.java:24) ~[classes/:na]
	at java.lang.String.valueOf(String.java:2994) ~[na:1.8.0_144]
	at java.lang.StringBuilder.append(StringBuilder.java:131) ~[na:1.8.0_144]
	at com.signant.addressbook.entities.States.toString(States.java:26) ~[classes/:na]
	at java.lang.String.valueOf(String.java:2994) ~[na:1.8.0_144]
	at java.lang.StringBuilder.append(StringBuilder.java:131) ~[na:1.8.0_144]
	at java.util.AbstractCollection.toString(AbstractCollection.java:462) ~[na:1.8.0_144]
	at org.hibernate.collection.internal.PersistentSet.toString(PersistentSet.java:328) ~[hibernate-core-5.4.10.Final.jar:5.4.10.Final]
	at java.lang.String.valueOf(String.java:2994) ~[na:1.8.0_144]
	at java.lang.StringBuilder.append(StringBuilder.java:131) ~[na:1.8.0_144]
	at com.signant.addressbook.entities.Countries.toString(Countries.java:24) ~[classes/:na]
	at java.lang.String.valueOf(String.java:2994) ~[na:1.8.0_144]
	at java.lang.StringBuilder.append(StringBuilder.java:131) ~[na:1.8.0_144]
	at com.signant.addressbook.entities.States.toString(States.java:26) ~[classes/:na]
	at java.lang.String.valueOf(String.java:2994) ~[na:1.8.0_144]
	at java.lang.StringBuilder.append(StringBuilder.java:131) ~[na:1.8.0_144]
	at java.util.AbstractCollection.toString(AbstractCollection.java:462) ~[na:1.8.0_144]
	at org.hibernate.collection.internal.PersistentSet.toString(PersistentSet.java:328) ~[hibernate-core-5.4.10.Final.jar:5.4.10.Final]
	at java.lang.String.valueOf(String.java:2994) ~[na:1.8.0_144]
	at java.lang.StringBuilder.append(StringBuilder.java:131) ~[na:1.8.0_144]
	at com.signant.addressbook.entities.Countries.toString(Countries.java:24) ~[classes/:na]
	at java.lang.String.valueOf(String.java:2994) ~[na:1.8.0_144]
	at java.lang.StringBuilder.append(StringBuilder.java:131) ~[na:1.8.0_144]
	at com.signant.addressbook.entities.States.toString(States.java:26) ~[classes/:na]
	at java.lang.String.valueOf(String.java:2994) ~[na:1.8.0_144]
	at java.lang.StringBuilder.append(StringBuilder.java:131) ~[na:1.8.0_144]
	at java.util.AbstractCollection.toString(AbstractCollection.java:462) ~[na:1.8.0_144]
	at org.hibernate.collection.internal.PersistentSet.toString(PersistentSet.java:328) ~[hibernate-core-5.4.10.Final.jar:5.4.10.Final]
	at java.lang.String.valueOf(String.java:2994) ~[na:1.8.0_144]
	at java.lang.StringBuilder.append(StringBuilder.java:131) ~[na:1.8.0_144]
	at com.signant.addressbook.entities.Countries.toString(Countries.java:24) ~[classes/:na]
	at java.lang.String.valueOf(String.java:2994) ~[na:1.8.0_144]
	at java.lang.StringBuilder.append(StringBuilder.java:131) ~[na:1.8.0_144]
	at com.signant.addressbook.entities.States.toString(States.java:26) ~[classes/:na]
	at java.lang.String.valueOf(String.java:2994) ~[na:1.8.0_144]
	at java.lang.StringBuilder.append(StringBuilder.java:131) ~[na:1.8.0_144]
	at java.util.AbstractCollection.toString(AbstractCollection.java:462) ~[na:1.8.0_144]
	at org.hibernate.collection.internal.PersistentSet.toString(PersistentSet.java:328) ~[hibernate-core-5.4.10.Final.jar:5.4.10.Final]
	at java.lang.String.valueOf(String.java:2994) ~[na:1.8.0_144]
	at java.lang.StringBuilder.append(StringBuilder.java:131) ~[na:1.8.0_144]
	at com.signant.addressbook.entities.Countries.toString(Countries.java:24) ~[classes/:na]
	at java.lang.String.valueOf(String.java:2994) ~[na:1.8.0_144]
	at java.lang.StringBuilder.append(StringBuilder.java:131) ~[na:1.8.0_144]
	at com.signant.addressbook.entities.States.toString(States.java:26) ~[classes/:na]
	at java.lang.String.valueOf(String.java:2994) ~[na:1.8.0_144]
	at java.lang.StringBuilder.append(StringBuilder.java:131) ~[na:1.8.0_144]
	at java.util.AbstractCollection.toString(AbstractCollection.java:462) ~[na:1.8.0_144]
	at org.hibernate.collection.internal.PersistentSet.toString(PersistentSet.java:328) ~[hibernate-core-5.4.10.Final.jar:5.4.10.Final]
	at java.lang.String.valueOf(String.java:2994) ~[na:1.8.0_144]
	at java.lang.StringBuilder.append(StringBuilder.java:131) ~[na:1.8.0_144]
	at com.signant.addressbook.entities.Countries.toString(Countries.java:24) ~[classes/:na]
	at java.lang.String.valueOf(String.java:2994) ~[na:1.8.0_144]
	at java.lang.StringBuilder.append(StringBuilder.java:131) ~[na:1.8.0_144]
	at com.signant.addressbook.entities.States.toString(States.java:26) ~[classes/:na]
	at java.lang.String.valueOf(String.java:2994) ~[na:1.8.0_144]
	at java.lang.StringBuilder.append(StringBuilder.java:131) ~[na:1.8.0_144]
	at java.util.AbstractCollection.toString(AbstractCollection.java:462) ~[na:1.8.0_144]
	at org.hibernate.collection.internal.PersistentSet.toString(PersistentSet.java:328) ~[hibernate-core-5.4.10.Final.jar:5.4.10.Final]
	at java.lang.String.valueOf(String.java:2994) ~[na:1.8.0_144]
	at java.lang.StringBuilder.append(StringBuilder.java:131) ~[na:1.8.0_144]
	at com.signant.addressbook.entities.Countries.toString(Countries.java:24) ~[classes/:na]
	at java.lang.String.valueOf(String.java:2994) ~[na:1.8.0_144]
	at java.lang.StringBuilder.append(StringBuilder.java:131) ~[na:1.8.0_144]
	at com.signant.addressbook.entities.States.toString(States.java:26) ~[classes/:na]
	at java.lang.String.valueOf(String.java:2994) ~[na:1.8.0_144]
	at java.lang.StringBuilder.append(StringBuilder.java:131) ~[na:1.8.0_144]
	at java.util.AbstractCollection.toString(AbstractCollection.java:462) ~[na:1.8.0_144]
	at org.hibernate.collection.internal.PersistentSet.toString(PersistentSet.java:328) ~[hibernate-core-5.4.10.Final.jar:5.4.10.Final]
	at java.lang.String.valueOf(String.java:2994) ~[na:1.8.0_144]
	at java.lang.StringBuilder.append(StringBuilder.java:131) ~[na:1.8.0_144]
	at com.signant.addressbook.entities.Countries.toString(Countries.java:24) ~[classes/:na]
	at java.lang.String.valueOf(String.java:2994) ~[na:1.8.0_144]
	at java.lang.StringBuilder.append(StringBuilder.java:131) ~[na:1.8.0_144]
	at com.signant.addressbook.entities.States.toString(States.java:26) ~[classes/:na]
	at java.lang.String.valueOf(String.java:2994) ~[na:1.8.0_144]
	at java.lang.StringBuilder.append(StringBuilder.java:131) ~[na:1.8.0_144]
	at java.util.AbstractCollection.toString(AbstractCollection.java:462) ~[na:1.8.0_144]
	at org.hibernate.collection.internal.PersistentSet.toString(PersistentSet.java:328) ~[hibernate-core-5.4.10.Final.jar:5.4.10.Final]
	at java.lang.String.valueOf(String.java:2994) ~[na:1.8.0_144]
	at java.lang.StringBuilder.append(StringBuilder.java:131) ~[na:1.8.0_144]
	at com.signant.addressbook.entities.Countries.toString(Countries.java:24) ~[classes/:na]
	at java.lang.String.valueOf(String.java:2994) ~[na:1.8.0_144]
	at java.lang.StringBuilder.append(StringBuilder.java:131) ~[na:1.8.0_144]
	at com.signant.addressbook.entities.States.toString(States.java:26) ~[classes/:na]
	at java.lang.String.valueOf(String.java:2994) ~[na:1.8.0_144]
	at java.lang.StringBuilder.append(StringBuilder.java:131) ~[na:1.8.0_144]
	at java.util.AbstractCollection.toString(AbstractCollection.java:462) ~[na:1.8.0_144]
	at org.hibernate.collection.internal.PersistentSet.toString(PersistentSet.java:328) ~[hibernate-core-5.4.10.Final.jar:5.4.10.Final]
	at java.lang.String.valueOf(String.java:2994) ~[na:1.8.0_144]
	at java.lang.StringBuilder.append(StringBuilder.java:131) ~[na:1.8.0_144]
	at com.signant.addressbook.entities.Countries.toString(Countries.java:24) ~[classes/:na]
	at java.lang.String.valueOf(String.java:2994) ~[na:1.8.0_144]
	at java.lang.StringBuilder.append(StringBuilder.java:131) ~[na:1.8.0_144]
	at com.signant.addressbook.entities.States.toString(States.java:26) ~[classes/:na]
	at java.lang.String.valueOf(String.java:2994) ~[na:1.8.0_144]
	at java.lang.StringBuilder.append(StringBuilder.java:131) ~[na:1.8.0_144]
	at java.util.AbstractCollection.toString(AbstractCollection.java:462) ~[na:1.8.0_144]
	at org.hibernate.collection.internal.PersistentSet.toString(PersistentSet.java:328) ~[hibernate-core-5.4.10.Final.jar:5.4.10.Final]
	at java.lang.String.valueOf(String.java:2994) ~[na:1.8.0_144]
	at java.lang.StringBuilder.append(StringBuilder.java:131) ~[na:1.8.0_144]
	at com.signant.addressbook.entities.Countries.toString(Countries.java:24) ~[classes/:na]
	at java.lang.String.valueOf(String.java:2994) ~[na:1.8.0_144]
	at java.lang.StringBuilder.append(StringBuilder.java:131) ~[na:1.8.0_144]
	at com.signant.addressbook.entities.States.toString(States.java:26) ~[classes/:na]
	at java.lang.String.valueOf(String.java:2994) ~[na:1.8.0_144]
	at java.lang.StringBuilder.append(StringBuilder.java:131) ~[na:1.8.0_144]
	at java.util.AbstractCollection.toString(AbstractCollection.java:462) ~[na:1.8.0_144]
	at org.hibernate.collection.internal.PersistentSet.toString(PersistentSet.java:328) ~[hibernate-core-5.4.10.Final.jar:5.4.10.Final]
	at java.lang.String.valueOf(String.java:2994) ~[na:1.8.0_144]
	at java.lang.StringBuilder.append(StringBuilder.java:131) ~[na:1.8.0_144]
	at com.signant.addressbook.entities.Countries.toString(Countries.java:24) ~[classes/:na]
	at java.lang.String.valueOf(String.java:2994) ~[na:1.8.0_144]
	at java.lang.StringBuilder.append(StringBuilder.java:131) ~[na:1.8.0_144]
	at com.signant.addressbook.entities.States.toString(States.java:26) ~[classes/:na]
	at java.lang.String.valueOf(String.java:2994) ~[na:1.8.0_144]
	at java.lang.StringBuilder.append(StringBuilder.java:131) ~[na:1.8.0_144]
	at java.util.AbstractCollection.toString(AbstractCollection.java:462) ~[na:1.8.0_144]
	at org.hibernate.collection.internal.PersistentSet.toString(PersistentSet.java:328) ~[hibernate-core-5.4.10.Final.jar:5.4.10.Final]
	at java.lang.String.valueOf(String.java:2994) ~[na:1.8.0_144]
	at java.lang.StringBuilder.append(StringBuilder.java:131) ~[na:1.8.0_144]
	at com.signant.addressbook.entities.Countries.toString(Countries.java:24) ~[classes/:na]
	at java.lang.String.valueOf(String.java:2994) ~[na:1.8.0_144]
	at java.lang.StringBuilder.append(StringBuilder.java:131) ~[na:1.8.0_144]
	at com.signant.addressbook.entities.States.toString(States.java:26) ~[classes/:na]
	at java.lang.String.valueOf(String.java:2994) ~[na:1.8.0_144]
	at java.lang.StringBuilder.append(StringBuilder.java:131) ~[na:1.8.0_144]
	at java.util.AbstractCollection.toString(AbstractCollection.java:462) ~[na:1.8.0_144]
	at org.hibernate.collection.internal.PersistentSet.toString(PersistentSet.java:328) ~[hibernate-core-5.4.10.Final.jar:5.4.10.Final]
	at java.lang.String.valueOf(String.java:2994) ~[na:1.8.0_144]
	at java.lang.StringBuilder.append(StringBuilder.java:131) ~[na:1.8.0_144]
	at com.signant.addressbook.entities.Countries.toString(Countries.java:24) ~[classes/:na]
	at java.lang.String.valueOf(String.java:2994) ~[na:1.8.0_144]
	at java.lang.StringBuilder.append(StringBuilder.java:131) ~[na:1.8.0_144]
	at com.signant.addressbook.entities.States.toString(States.java:26) ~[classes/:na]
	at java.lang.String.valueOf(String.java:2994) ~[na:1.8.0_144]
	at java.lang.StringBuilder.append(StringBuilder.java:131) ~[na:1.8.0_144]
	at java.util.AbstractCollection.toString(AbstractCollection.java:462) ~[na:1.8.0_144]
	at org.hibernate.collection.internal.PersistentSet.toString(PersistentSet.java:328) ~[hibernate-core-5.4.10.Final.jar:5.4.10.Final]
	at java.lang.String.valueOf(String.java:2994) ~[na:1.8.0_144]
	at java.lang.StringBuilder.append(StringBuilder.java:131) ~[na:1.8.0_144]
	at com.signant.addressbook.entities.Countries.toString(Countries.java:24) ~[classes/:na]
	at java.lang.String.valueOf(String.java:2994) ~[na:1.8.0_144]
	at java.lang.StringBuilder.append(StringBuilder.java:131) ~[na:1.8.0_144]
	at com.signant.addressbook.entities.States.toString(States.java:26) ~[classes/:na]
	at java.lang.String.valueOf(String.java:2994) ~[na:1.8.0_144]
	at java.lang.StringBuilder.append(StringBuilder.java:131) ~[na:1.8.0_144]
	at java.util.AbstractCollection.toString(AbstractCollection.java:462) ~[na:1.8.0_144]
	at org.hibernate.collection.internal.PersistentSet.toString(PersistentSet.java:328) ~[hibernate-core-5.4.10.Final.jar:5.4.10.Final]
	at java.lang.String.valueOf(String.java:2994) ~[na:1.8.0_144]
	at java.lang.StringBuilder.append(StringBuilder.java:131) ~[na:1.8.0_144]
	at com.signant.addressbook.entities.Countries.toString(Countries.java:24) ~[classes/:na]
	at java.lang.String.valueOf(String.java:2994) ~[na:1.8.0_144]
	at java.lang.StringBuilder.append(StringBuilder.java:131) ~[na:1.8.0_144]
	at com.signant.addressbook.entities.States.toString(States.java:26) ~[classes/:na]
	at java.lang.String.valueOf(String.java:2994) ~[na:1.8.0_144]
	at java.lang.StringBuilder.append(StringBuilder.java:131) ~[na:1.8.0_144]
	at java.util.AbstractCollection.toString(AbstractCollection.java:462) ~[na:1.8.0_144]
	at org.hibernate.collection.internal.PersistentSet.toString(PersistentSet.java:328) ~[hibernate-core-5.4.10.Final.jar:5.4.10.Final]
	at java.lang.String.valueOf(String.java:2994) ~[na:1.8.0_144]
	at java.lang.StringBuilder.append(StringBuilder.java:131) ~[na:1.8.0_144]
	at com.signant.addressbook.entities.Countries.toString(Countries.java:24) ~[classes/:na]
	at java.lang.String.valueOf(String.java:2994) ~[na:1.8.0_144]
	at java.lang.StringBuilder.append(StringBuilder.java:131) ~[na:1.8.0_144]
	at com.signant.addressbook.entities.States.toString(States.java:26) ~[classes/:na]
	at java.lang.String.valueOf(String.java:2994) ~[na:1.8.0_144]
	at java.lang.StringBuilder.append(StringBuilder.java:131) ~[na:1.8.0_144]
	at java.util.AbstractCollection.toString(AbstractCollection.java:462) ~[na:1.8.0_144]
	at org.hibernate.collection.internal.PersistentSet.toString(PersistentSet.java:328) ~[hibernate-core-5.4.10.Final.jar:5.4.10.Final]
	at java.lang.String.valueOf(String.java:2994) ~[na:1.8.0_144]
	at java.lang.StringBuilder.append(StringBuilder.java:131) ~[na:1.8.0_144]
	at com.signant.addressbook.entities.Countries.toString(Countries.java:24) ~[classes/:na]
	at java.lang.String.valueOf(String.java:2994) ~[na:1.8.0_144]
	at java.lang.StringBuilder.append(StringBuilder.java:131) ~[na:1.8.0_144]
	at com.signant.addressbook.entities.States.toString(States.java:26) ~[classes/:na]
	at java.lang.String.valueOf(String.java:2994) ~[na:1.8.0_144]
	at java.lang.StringBuilder.append(StringBuilder.java:131) ~[na:1.8.0_144]
	at java.util.AbstractCollection.toString(AbstractCollection.java:462) ~[na:1.8.0_144]
	at org.hibernate.collection.internal.PersistentSet.toString(PersistentSet.java:328) ~[hibernate-core-5.4.10.Final.jar:5.4.10.Final]
	at java.lang.String.valueOf(String.java:2994) ~[na:1.8.0_144]
	at java.lang.StringBuilder.append(StringBuilder.java:131) ~[na:1.8.0_144]
	at com.signant.addressbook.entities.Countries.toString(Countries.java:24) ~[classes/:na]
	at java.lang.String.valueOf(String.java:2994) ~[na:1.8.0_144]
	at java.lang.StringBuilder.append(StringBuilder.java:131) ~[na:1.8.0_144]
	at com.signant.addressbook.entities.States.toString(States.java:26) ~[classes/:na]
	at java.lang.String.valueOf(String.java:2994) ~[na:1.8.0_144]
	at java.lang.StringBuilder.append(StringBuilder.java:131) ~[na:1.8.0_144]
	at java.util.AbstractCollection.toString(AbstractCollection.java:462) ~[na:1.8.0_144]
	at org.hibernate.collection.internal.PersistentSet.toString(PersistentSet.java:328) ~[hibernate-core-5.4.10.Final.jar:5.4.10.Final]
	at java.lang.String.valueOf(String.java:2994) ~[na:1.8.0_144]
	at java.lang.StringBuilder.append(StringBuilder.java:131) ~[na:1.8.0_144]
	at com.signant.addressbook.entities.Countries.toString(Countries.java:24) ~[classes/:na]
	at java.lang.String.valueOf(String.java:2994) ~[na:1.8.0_144]
	at java.lang.StringBuilder.append(StringBuilder.java:131) ~[na:1.8.0_144]
	at com.signant.addressbook.entities.States.toString(States.java:26) ~[classes/:na]

]]></system-out>
  </testcase>
</testsuite>